Using pre-set license
Built from '2020.3/staging' branch; Version is '2020.3.11f1 (99c7afb366b3) revision 10078127'; Using compiler version '192528614'; Build Type 'Release'
OS: 'Windows 10 Home Single Language; OS build 19041.985; Version 2004; 64bit' Language: 'pt' Physical Memory: 4005 MB
BatchMode: 1, IsHumanControllingUs: 0, StartBugReporterOnCrash: 0, Is64bit: 1, IsPro: 0

 COMMAND LINE ARGUMENTS:
C:\Program Files\Unity\Hub\Editor\2020.3.11f1\Editor\Unity.exe
-adb2
-batchMode
-noUpm
-name
AssetImportWorker2
-projectPath
C:/Users/Roberto/OneDrive/Documentos/Unity/Mad birds
-logFile
Logs/AssetImportWorker2.log
-srvPort
56297
Successfully changed project path to: C:/Users/Roberto/OneDrive/Documentos/Unity/Mad birds
C:/Users/Roberto/OneDrive/Documentos/Unity/Mad birds
Using Asset Import Pipeline V2.
Refreshing native plugins compatible for Editor in 121.24 ms, found 3 plugins.
Preloading 0 native plugins for Editor in 0.00 ms.
Initialize engine version: 2020.3.11f1 (99c7afb366b3)
[Subsystems] Discovering subsystems at path C:/Program Files/Unity/Hub/Editor/2020.3.11f1/Editor/Data/Resources/UnitySubsystems
[Subsystems] Discovering subsystems at path C:/Users/Roberto/OneDrive/Documentos/Unity/Mad birds/Assets
GfxDevice: creating device client; threaded=0
Direct3D:
    Version:  Direct3D 11.0 [level 11.1]
    Renderer: Intel(R) UHD Graphics 620 (ID=0x5917)
    Vendor:   
    VRAM:     2002 MB
    Driver:   27.20.100.8729
Initialize mono
Mono path[0] = 'C:/Program Files/Unity/Hub/Editor/2020.3.11f1/Editor/Data/Managed'
Mono path[1] = 'C:/Program Files/Unity/Hub/Editor/2020.3.11f1/Editor/Data/MonoBleedingEdge/lib/mono/unityjit'
Mono config path = 'C:/Program Files/Unity/Hub/Editor/2020.3.11f1/Editor/Data/MonoBleedingEdge/etc'
Using monoOptions --debugger-agent=transport=dt_socket,embedding=1,server=y,suspend=n,address=127.0.0.1:56708
Begin MonoManager ReloadAssembly
Registering precompiled unity dll's ...
Register platform support module: C:/Program Files/Unity/Hub/Editor/2020.3.11f1/Editor/Data/PlaybackEngines/WebGLSupport/UnityEditor.WebGL.Extensions.dll
Register platform support module: C:/Program Files/Unity/Hub/Editor/2020.3.11f1/Editor/Data/PlaybackEngines/WindowsStandaloneSupport/UnityEditor.WindowsStandalone.Extensions.dll
Registered in 0.003941 seconds.
Native extension for WindowsStandalone target not found
Native extension for WebGL target not found
Refreshing native plugins compatible for Editor in 77.33 ms, found 3 plugins.
Preloading 0 native plugins for Editor in 0.00 ms.
Mono: successfully reloaded assembly
- Completed reload, in  1.883 seconds
Platform modules already initialized, skipping
Registering precompiled user dll's ...
Registered in 0.008592 seconds.
Begin MonoManager ReloadAssembly
Native extension for WindowsStandalone target not found
Native extension for WebGL target not found
Refreshing native plugins compatible for Editor in 62.81 ms, found 3 plugins.
Preloading 0 native plugins for Editor in 0.00 ms.
Mono: successfully reloaded assembly
- Completed reload, in  1.776 seconds
Platform modules already initialized, skipping
========================================================================
Worker process is ready to serve import requests
Launched and connected shader compiler UnityShaderCompiler.exe after 0.98 seconds
Refreshing native plugins compatible for Editor in 1.47 ms, found 3 plugins.
Preloading 0 native plugins for Editor in 0.00 ms.
Unloading 2081 Unused Serialized files (Serialized files now loaded: 0)
System memory in use before: 104.8 MB.
System memory in use after: 104.8 MB.

Unloading 32 unused Assets to reduce memory usage. Loaded Objects now: 2530.
Total: 12.438700 ms (FindLiveObjects: 0.711600 ms CreateObjectMapping: 0.388200 ms MarkObjects: 10.858100 ms  DeleteObjects: 0.475500 ms)

========================================================================
Received Import Request.
  path: Assets/Bird.cs
  artifactKey: Guid(743707d1dde692140b7eb9d8e2122233) Importer(815301076,1909f56bfc062723c751e8b465ee728b)
Start importing Assets/Bird.cs using Guid(743707d1dde692140b7eb9d8e2122233) Importer(815301076,1909f56bfc062723c751e8b465ee728b)  -> (artifact id: 'b8f741c5a6061cefd1d8b1b9ffda21a2') in 0.467435 seconds
  Import took 0.623235 seconds .

========================================================================
Received Import Request.
  Time since last request: 3342.963680 seconds.
  path: Assets/Bird.cs
  artifactKey: Guid(743707d1dde692140b7eb9d8e2122233) Importer(815301076,1909f56bfc062723c751e8b465ee728b)
Start importing Assets/Bird.cs using Guid(743707d1dde692140b7eb9d8e2122233) Importer(815301076,1909f56bfc062723c751e8b465ee728b)  -> (artifact id: '27b05bde424e21f54fe461387dceb91e') in 2.814708 seconds
  Import took 6.820801 seconds .

========================================================================
Received Import Request.
  Time since last request: 198.518722 seconds.
  path: Assets/Bird.cs
  artifactKey: Guid(743707d1dde692140b7eb9d8e2122233) Importer(815301076,1909f56bfc062723c751e8b465ee728b)
Start importing Assets/Bird.cs using Guid(743707d1dde692140b7eb9d8e2122233) Importer(815301076,1909f56bfc062723c751e8b465ee728b)  -> (artifact id: '78ab695f2e89939e86f5077343259e0d') in 0.177497 seconds
  Import took 0.510478 seconds .

========================================================================
Received Prepare
Registering precompiled user dll's ...
Registered in 0.399574 seconds.
Begin MonoManager ReloadAssembly
Native extension for WindowsStandalone target not found
Native extension for WebGL target not found
Refreshing native plugins compatible for Editor in 28.20 ms, found 3 plugins.
Preloading 0 native plugins for Editor in 0.00 ms.
Mono: successfully reloaded assembly
- Completed reload, in 24.030 seconds
Platform modules already initialized, skipping
Refreshing native plugins compatible for Editor in 2.02 ms, found 3 plugins.
Preloading 0 native plugins for Editor in 0.00 ms.
Unloading 2076 Unused Serialized files (Serialized files now loaded: 0)
System memory in use before: 104.8 MB.
System memory in use after: 104.8 MB.

Unloading 21 unused Assets to reduce memory usage. Loaded Objects now: 2534.
Total: 272.420300 ms (FindLiveObjects: 27.685700 ms CreateObjectMapping: 0.208000 ms MarkObjects: 227.061600 ms  DeleteObjects: 17.459900 ms)

========================================================================
Received Prepare
Registering precompiled user dll's ...
Registered in 0.299694 seconds.
Begin MonoManager ReloadAssembly
Native extension for WindowsStandalone target not found
Native extension for WebGL target not found
Refreshing native plugins compatible for Editor in 0.53 ms, found 3 plugins.
Preloading 0 native plugins for Editor in 0.00 ms.
Mono: successfully reloaded assembly
- Completed reload, in  2.643 seconds
Platform modules already initialized, skipping
Refreshing native plugins compatible for Editor in 0.66 ms, found 3 plugins.
Preloading 0 native plugins for Editor in 0.00 ms.
Unloading 2076 Unused Serialized files (Serialized files now loaded: 0)
System memory in use before: 104.8 MB.
System memory in use after: 104.8 MB.

Unloading 21 unused Assets to reduce memory usage. Loaded Objects now: 2538.
Total: 3.090600 ms (FindLiveObjects: 0.325300 ms CreateObjectMapping: 0.147700 ms MarkObjects: 2.487600 ms  DeleteObjects: 0.127800 ms)

========================================================================
Received Prepare
Registering precompiled user dll's ...
Registered in 0.188873 seconds.
Begin MonoManager ReloadAssembly
Native extension for WindowsStandalone target not found
Native extension for WebGL target not found
Refreshing native plugins compatible for Editor in 0.64 ms, found 3 plugins.
Preloading 0 native plugins for Editor in 0.00 ms.
Mono: successfully reloaded assembly
- Completed reload, in  5.487 seconds
Platform modules already initialized, skipping
Refreshing native plugins compatible for Editor in 1.48 ms, found 3 plugins.
Preloading 0 native plugins for Editor in 0.00 ms.
Unloading 2076 Unused Serialized files (Serialized files now loaded: 0)
System memory in use before: 104.9 MB.
System memory in use after: 104.8 MB.

Unloading 21 unused Assets to reduce memory usage. Loaded Objects now: 2542.
Total: 3.310600 ms (FindLiveObjects: 0.321200 ms CreateObjectMapping: 0.101600 ms MarkObjects: 2.737800 ms  DeleteObjects: 0.148700 ms)

========================================================================
Received Prepare
Registering precompiled user dll's ...
Registered in 0.231227 seconds.
Begin MonoManager ReloadAssembly
Native extension for WindowsStandalone target not found
Native extension for WebGL target not found
Refreshing native plugins compatible for Editor in 0.59 ms, found 3 plugins.
Preloading 0 native plugins for Editor in 0.00 ms.
Mono: successfully reloaded assembly
- Completed reload, in  2.319 seconds
Platform modules already initialized, skipping
Refreshing native plugins compatible for Editor in 1.95 ms, found 3 plugins.
Preloading 0 native plugins for Editor in 0.00 ms.
Unloading 2076 Unused Serialized files (Serialized files now loaded: 0)
System memory in use before: 104.9 MB.
System memory in use after: 104.9 MB.

Unloading 21 unused Assets to reduce memory usage. Loaded Objects now: 2546.
Total: 2.951500 ms (FindLiveObjects: 0.336300 ms CreateObjectMapping: 0.106500 ms MarkObjects: 2.374100 ms  DeleteObjects: 0.132600 ms)

========================================================================
Received Prepare
Registering precompiled user dll's ...
Registered in 0.392205 seconds.
Begin MonoManager ReloadAssembly
Native extension for WindowsStandalone target not found
Native extension for WebGL target not found
Refreshing native plugins compatible for Editor in 0.53 ms, found 3 plugins.
Preloading 0 native plugins for Editor in 0.00 ms.
Mono: successfully reloaded assembly
- Completed reload, in  1.374 seconds
Platform modules already initialized, skipping
Refreshing native plugins compatible for Editor in 0.56 ms, found 3 plugins.
Preloading 0 native plugins for Editor in 0.00 ms.
Unloading 2076 Unused Serialized files (Serialized files now loaded: 0)
System memory in use before: 104.9 MB.
System memory in use after: 104.9 MB.

Unloading 21 unused Assets to reduce memory usage. Loaded Objects now: 2550.
Total: 2.652000 ms (FindLiveObjects: 0.263700 ms CreateObjectMapping: 0.076700 ms MarkObjects: 2.191400 ms  DeleteObjects: 0.119200 ms)

========================================================================
Received Prepare
Registering precompiled user dll's ...
Registered in 0.005599 seconds.
Begin MonoManager ReloadAssembly
Native extension for WindowsStandalone target not found
Native extension for WebGL target not found
Refreshing native plugins compatible for Editor in 0.54 ms, found 3 plugins.
Preloading 0 native plugins for Editor in 0.00 ms.
Mono: successfully reloaded assembly
- Completed reload, in  1.248 seconds
Platform modules already initialized, skipping
Refreshing native plugins compatible for Editor in 0.62 ms, found 3 plugins.
Preloading 0 native plugins for Editor in 0.00 ms.
Unloading 2076 Unused Serialized files (Serialized files now loaded: 0)
System memory in use before: 104.9 MB.
System memory in use after: 104.9 MB.

Unloading 21 unused Assets to reduce memory usage. Loaded Objects now: 2554.
Total: 2.985300 ms (FindLiveObjects: 0.280500 ms CreateObjectMapping: 0.075700 ms MarkObjects: 2.506300 ms  DeleteObjects: 0.121600 ms)

========================================================================
Received Prepare
Registering precompiled user dll's ...
Registered in 0.005723 seconds.
Begin MonoManager ReloadAssembly
Native extension for WindowsStandalone target not found
Native extension for WebGL target not found
Refreshing native plugins compatible for Editor in 0.55 ms, found 3 plugins.
Preloading 0 native plugins for Editor in 0.00 ms.
Mono: successfully reloaded assembly
- Completed reload, in  1.376 seconds
Platform modules already initialized, skipping
Refreshing native plugins compatible for Editor in 0.61 ms, found 3 plugins.
Preloading 0 native plugins for Editor in 0.00 ms.
Unloading 2076 Unused Serialized files (Serialized files now loaded: 0)
System memory in use before: 104.9 MB.
System memory in use after: 104.9 MB.

Unloading 21 unused Assets to reduce memory usage. Loaded Objects now: 2558.
Total: 3.410000 ms (FindLiveObjects: 0.391000 ms CreateObjectMapping: 0.128700 ms MarkObjects: 2.760900 ms  DeleteObjects: 0.127800 ms)

========================================================================
Received Prepare
Registering precompiled user dll's ...
Registered in 0.005763 seconds.
Begin MonoManager ReloadAssembly
Native extension for WindowsStandalone target not found
Native extension for WebGL target not found
Refreshing native plugins compatible for Editor in 0.55 ms, found 3 plugins.
Preloading 0 native plugins for Editor in 0.00 ms.
Mono: successfully reloaded assembly
- Completed reload, in  1.167 seconds
Platform modules already initialized, skipping
Refreshing native plugins compatible for Editor in 0.57 ms, found 3 plugins.
Preloading 0 native plugins for Editor in 0.00 ms.
Unloading 2076 Unused Serialized files (Serialized files now loaded: 0)
System memory in use before: 104.9 MB.
System memory in use after: 104.9 MB.

Unloading 21 unused Assets to reduce memory usage. Loaded Objects now: 2562.
Total: 2.673100 ms (FindLiveObjects: 0.238100 ms CreateObjectMapping: 0.094500 ms MarkObjects: 2.216100 ms  DeleteObjects: 0.123100 ms)

========================================================================
Received Prepare
Registering precompiled user dll's ...
Registered in 0.009743 seconds.
Begin MonoManager ReloadAssembly
Native extension for WindowsStandalone target not found
Native extension for WebGL target not found
Refreshing native plugins compatible for Editor in 0.55 ms, found 3 plugins.
Preloading 0 native plugins for Editor in 0.00 ms.
Mono: successfully reloaded assembly
- Completed reload, in  1.753 seconds
Platform modules already initialized, skipping
Refreshing native plugins compatible for Editor in 0.64 ms, found 3 plugins.
Preloading 0 native plugins for Editor in 0.00 ms.
Unloading 2076 Unused Serialized files (Serialized files now loaded: 0)
System memory in use before: 104.9 MB.
System memory in use after: 104.9 MB.

Unloading 21 unused Assets to reduce memory usage. Loaded Objects now: 2566.
Total: 3.098100 ms (FindLiveObjects: 0.280900 ms CreateObjectMapping: 0.087800 ms MarkObjects: 2.602800 ms  DeleteObjects: 0.125600 ms)

========================================================================
Received Prepare
Registering precompiled user dll's ...
Registered in 0.005910 seconds.
Begin MonoManager ReloadAssembly
Native extension for WindowsStandalone target not found
Native extension for WebGL target not found
Refreshing native plugins compatible for Editor in 0.60 ms, found 3 plugins.
Preloading 0 native plugins for Editor in 0.00 ms.
Mono: successfully reloaded assembly
- Completed reload, in  1.158 seconds
Platform modules already initialized, skipping
Refreshing native plugins compatible for Editor in 0.50 ms, found 3 plugins.
Preloading 0 native plugins for Editor in 0.00 ms.
Unloading 2076 Unused Serialized files (Serialized files now loaded: 0)
System memory in use before: 104.9 MB.
System memory in use after: 104.9 MB.

Unloading 21 unused Assets to reduce memory usage. Loaded Objects now: 2570.
Total: 2.893000 ms (FindLiveObjects: 0.239400 ms CreateObjectMapping: 0.079400 ms MarkObjects: 2.442100 ms  DeleteObjects: 0.131100 ms)

========================================================================
Received Prepare
Registering precompiled user dll's ...
Registered in 0.005725 seconds.
Begin MonoManager ReloadAssembly
Native extension for WindowsStandalone target not found
Native extension for WebGL target not found
Refreshing native plugins compatible for Editor in 0.52 ms, found 3 plugins.
Preloading 0 native plugins for Editor in 0.00 ms.
Mono: successfully reloaded assembly
- Completed reload, in  1.474 seconds
Platform modules already initialized, skipping
Refreshing native plugins compatible for Editor in 0.64 ms, found 3 plugins.
Preloading 0 native plugins for Editor in 0.00 ms.
Unloading 2076 Unused Serialized files (Serialized files now loaded: 0)
System memory in use before: 104.9 MB.
System memory in use after: 104.9 MB.

Unloading 21 unused Assets to reduce memory usage. Loaded Objects now: 2574.
Total: 3.241600 ms (FindLiveObjects: 0.289900 ms CreateObjectMapping: 0.095000 ms MarkObjects: 2.693500 ms  DeleteObjects: 0.162000 ms)

========================================================================
Received Prepare
Registering precompiled user dll's ...
Registered in 0.845343 seconds.
Begin MonoManager ReloadAssembly
Native extension for WindowsStandalone target not found
Native extension for WebGL target not found
Refreshing native plugins compatible for Editor in 0.72 ms, found 3 plugins.
Preloading 0 native plugins for Editor in 0.00 ms.
Mono: successfully reloaded assembly
- Completed reload, in  7.139 seconds
Platform modules already initialized, skipping
Refreshing native plugins compatible for Editor in 1.52 ms, found 3 plugins.
Preloading 0 native plugins for Editor in 0.00 ms.
Unloading 2076 Unused Serialized files (Serialized files now loaded: 0)
System memory in use before: 105.0 MB.
System memory in use after: 104.9 MB.

Unloading 21 unused Assets to reduce memory usage. Loaded Objects now: 2578.
Total: 72.483800 ms (FindLiveObjects: 0.713600 ms CreateObjectMapping: 0.311000 ms MarkObjects: 71.265100 ms  DeleteObjects: 0.187900 ms)

========================================================================
Received Prepare
Registering precompiled user dll's ...
Registered in 0.201929 seconds.
Begin MonoManager ReloadAssembly
Native extension for WindowsStandalone target not found
Native extension for WebGL target not found
Refreshing native plugins compatible for Editor in 0.55 ms, found 3 plugins.
Preloading 0 native plugins for Editor in 0.00 ms.
Mono: successfully reloaded assembly
- Completed reload, in  3.119 seconds
Platform modules already initialized, skipping
Refreshing native plugins compatible for Editor in 1.55 ms, found 3 plugins.
Preloading 0 native plugins for Editor in 0.00 ms.
Unloading 2076 Unused Serialized files (Serialized files now loaded: 0)
System memory in use before: 105.0 MB.
System memory in use after: 104.9 MB.

Unloading 21 unused Assets to reduce memory usage. Loaded Objects now: 2582.
Total: 2.906000 ms (FindLiveObjects: 0.282600 ms CreateObjectMapping: 0.085300 ms MarkObjects: 2.420900 ms  DeleteObjects: 0.116000 ms)

========================================================================
Received Prepare
Registering precompiled user dll's ...
Registered in 0.126870 seconds.
Begin MonoManager ReloadAssembly
Native extension for WindowsStandalone target not found
Native extension for WebGL target not found
Refreshing native plugins compatible for Editor in 0.78 ms, found 3 plugins.
Preloading 0 native plugins for Editor in 0.00 ms.
Mono: successfully reloaded assembly
- Completed reload, in  2.027 seconds
Platform modules already initialized, skipping
Refreshing native plugins compatible for Editor in 1.11 ms, found 3 plugins.
Preloading 0 native plugins for Editor in 0.00 ms.
Unloading 2076 Unused Serialized files (Serialized files now loaded: 0)
System memory in use before: 105.0 MB.
System memory in use after: 105.0 MB.

Unloading 21 unused Assets to reduce memory usage. Loaded Objects now: 2586.
Total: 5.001600 ms (FindLiveObjects: 0.318800 ms CreateObjectMapping: 0.280000 ms MarkObjects: 4.095600 ms  DeleteObjects: 0.304500 ms)

========================================================================
Received Prepare
Registering precompiled user dll's ...
Registered in 0.198899 seconds.
Begin MonoManager ReloadAssembly
Native extension for WindowsStandalone target not found
Native extension for WebGL target not found
Refreshing native plugins compatible for Editor in 0.56 ms, found 3 plugins.
Preloading 0 native plugins for Editor in 0.00 ms.
Mono: successfully reloaded assembly
- Completed reload, in  1.743 seconds
Platform modules already initialized, skipping
Refreshing native plugins compatible for Editor in 0.53 ms, found 3 plugins.
Preloading 0 native plugins for Editor in 0.00 ms.
Unloading 2076 Unused Serialized files (Serialized files now loaded: 0)
System memory in use before: 105.0 MB.
System memory in use after: 105.0 MB.

Unloading 21 unused Assets to reduce memory usage. Loaded Objects now: 2590.
Total: 3.071600 ms (FindLiveObjects: 0.266300 ms CreateObjectMapping: 0.076500 ms MarkObjects: 2.601300 ms  DeleteObjects: 0.126400 ms)

========================================================================
Received Prepare
Registering precompiled user dll's ...
Registered in 0.450075 seconds.
Begin MonoManager ReloadAssembly
Native extension for WindowsStandalone target not found
Native extension for WebGL target not found
Refreshing native plugins compatible for Editor in 0.53 ms, found 3 plugins.
Preloading 0 native plugins for Editor in 0.00 ms.
Mono: successfully reloaded assembly
- Completed reload, in  5.806 seconds
Platform modules already initialized, skipping
Refreshing native plugins compatible for Editor in 1.11 ms, found 3 plugins.
Preloading 0 native plugins for Editor in 0.00 ms.
Unloading 2076 Unused Serialized files (Serialized files now loaded: 0)
System memory in use before: 105.0 MB.
System memory in use after: 105.0 MB.

Unloading 21 unused Assets to reduce memory usage. Loaded Objects now: 2594.
Total: 39.213600 ms (FindLiveObjects: 0.448600 ms CreateObjectMapping: 0.130900 ms MarkObjects: 38.466600 ms  DeleteObjects: 0.165700 ms)

========================================================================
Received Prepare
Registering precompiled user dll's ...
Registered in 0.005704 seconds.
Begin MonoManager ReloadAssembly
Native extension for WindowsStandalone target not found
Native extension for WebGL target not found
Refreshing native plugins compatible for Editor in 1.36 ms, found 3 plugins.
Preloading 0 native plugins for Editor in 0.00 ms.
Mono: successfully reloaded assembly
- Completed reload, in  1.322 seconds
Platform modules already initialized, skipping
Refreshing native plugins compatible for Editor in 0.55 ms, found 3 plugins.
Preloading 0 native plugins for Editor in 0.00 ms.
Unloading 2076 Unused Serialized files (Serialized files now loaded: 0)
System memory in use before: 105.0 MB.
System memory in use after: 105.0 MB.

Unloading 21 unused Assets to reduce memory usage. Loaded Objects now: 2598.
Total: 3.247200 ms (FindLiveObjects: 0.293100 ms CreateObjectMapping: 0.099400 ms MarkObjects: 2.719100 ms  DeleteObjects: 0.134600 ms)

========================================================================
Received Prepare
Registering precompiled user dll's ...
Registered in 0.005875 seconds.
Begin MonoManager ReloadAssembly
Native extension for WindowsStandalone target not found
Native extension for WebGL target not found
Refreshing native plugins compatible for Editor in 0.53 ms, found 3 plugins.
Preloading 0 native plugins for Editor in 0.00 ms.
Mono: successfully reloaded assembly
- Completed reload, in  1.183 seconds
Platform modules already initialized, skipping
Refreshing native plugins compatible for Editor in 20.11 ms, found 3 plugins.
Preloading 0 native plugins for Editor in 0.00 ms.
Unloading 2076 Unused Serialized files (Serialized files now loaded: 0)
System memory in use before: 105.0 MB.
System memory in use after: 105.0 MB.

Unloading 21 unused Assets to reduce memory usage. Loaded Objects now: 2602.
Total: 3.346800 ms (FindLiveObjects: 0.302000 ms CreateObjectMapping: 0.096900 ms MarkObjects: 2.801200 ms  DeleteObjects: 0.145700 ms)

========================================================================
Received Prepare
Registering precompiled user dll's ...
Registered in 0.005667 seconds.
Begin MonoManager ReloadAssembly
Native extension for WindowsStandalone target not found
Native extension for WebGL target not found
Refreshing native plugins compatible for Editor in 0.56 ms, found 3 plugins.
Preloading 0 native plugins for Editor in 0.00 ms.
Mono: successfully reloaded assembly
- Completed reload, in  1.153 seconds
Platform modules already initialized, skipping
Refreshing native plugins compatible for Editor in 0.60 ms, found 3 plugins.
Preloading 0 native plugins for Editor in 0.00 ms.
Unloading 2076 Unused Serialized files (Serialized files now loaded: 0)
System memory in use before: 105.0 MB.
System memory in use after: 105.0 MB.

Unloading 21 unused Assets to reduce memory usage. Loaded Objects now: 2606.
Total: 3.336700 ms (FindLiveObjects: 0.584800 ms CreateObjectMapping: 0.218700 ms MarkObjects: 2.413800 ms  DeleteObjects: 0.118300 ms)

========================================================================
Received Prepare
Registering precompiled user dll's ...
Registered in 0.006488 seconds.
Begin MonoManager ReloadAssembly
Native extension for WindowsStandalone target not found
Native extension for WebGL target not found
Refreshing native plugins compatible for Editor in 0.52 ms, found 3 plugins.
Preloading 0 native plugins for Editor in 0.00 ms.
Mono: successfully reloaded assembly
- Completed reload, in  1.333 seconds
Platform modules already initialized, skipping
Refreshing native plugins compatible for Editor in 0.55 ms, found 3 plugins.
Preloading 0 native plugins for Editor in 0.00 ms.
Unloading 2076 Unused Serialized files (Serialized files now loaded: 0)
System memory in use before: 105.0 MB.
System memory in use after: 105.0 MB.

Unloading 21 unused Assets to reduce memory usage. Loaded Objects now: 2610.
Total: 2.755300 ms (FindLiveObjects: 0.233500 ms CreateObjectMapping: 0.071200 ms MarkObjects: 2.326100 ms  DeleteObjects: 0.123500 ms)

========================================================================
Received Prepare
Registering precompiled user dll's ...
Registered in 0.005667 seconds.
Begin MonoManager ReloadAssembly
Native extension for WindowsStandalone target not found
Native extension for WebGL target not found
Refreshing native plugins compatible for Editor in 0.56 ms, found 3 plugins.
Preloading 0 native plugins for Editor in 0.00 ms.
Mono: successfully reloaded assembly
- Completed reload, in  1.212 seconds
Platform modules already initialized, skipping
Refreshing native plugins compatible for Editor in 0.54 ms, found 3 plugins.
Preloading 0 native plugins for Editor in 0.00 ms.
Unloading 2076 Unused Serialized files (Serialized files now loaded: 0)
System memory in use before: 105.0 MB.
System memory in use after: 105.0 MB.

Unloading 21 unused Assets to reduce memory usage. Loaded Objects now: 2614.
Total: 8.332400 ms (FindLiveObjects: 0.609100 ms CreateObjectMapping: 0.276100 ms MarkObjects: 7.074900 ms  DeleteObjects: 0.368000 ms)

========================================================================
Received Prepare
Registering precompiled user dll's ...
Registered in 0.005961 seconds.
Begin MonoManager ReloadAssembly
Native extension for WindowsStandalone target not found
Native extension for WebGL target not found
Refreshing native plugins compatible for Editor in 0.80 ms, found 3 plugins.
Preloading 0 native plugins for Editor in 0.00 ms.
Mono: successfully reloaded assembly
- Completed reload, in  1.604 seconds
Platform modules already initialized, skipping
Refreshing native plugins compatible for Editor in 0.63 ms, found 3 plugins.
Preloading 0 native plugins for Editor in 0.00 ms.
Unloading 2076 Unused Serialized files (Serialized files now loaded: 0)
System memory in use before: 105.0 MB.
System memory in use after: 105.0 MB.

Unloading 21 unused Assets to reduce memory usage. Loaded Objects now: 2618.
Total: 2.728700 ms (FindLiveObjects: 0.477600 ms CreateObjectMapping: 0.109700 ms MarkObjects: 2.019500 ms  DeleteObjects: 0.119300 ms)

========================================================================
Received Prepare
Registering precompiled user dll's ...
Registered in 0.005965 seconds.
Begin MonoManager ReloadAssembly
Native extension for WindowsStandalone target not found
Native extension for WebGL target not found
Refreshing native plugins compatible for Editor in 0.56 ms, found 3 plugins.
Preloading 0 native plugins for Editor in 0.00 ms.
Mono: successfully reloaded assembly
- Completed reload, in  1.263 seconds
Platform modules already initialized, skipping
Refreshing native plugins compatible for Editor in 0.53 ms, found 3 plugins.
Preloading 0 native plugins for Editor in 0.00 ms.
Unloading 2076 Unused Serialized files (Serialized files now loaded: 0)
System memory in use before: 105.1 MB.
System memory in use after: 105.0 MB.

Unloading 21 unused Assets to reduce memory usage. Loaded Objects now: 2622.
Total: 2.662800 ms (FindLiveObjects: 0.247700 ms CreateObjectMapping: 0.094900 ms MarkObjects: 2.194500 ms  DeleteObjects: 0.124600 ms)

========================================================================
Received Prepare
Registering precompiled user dll's ...
Registered in 0.005862 seconds.
Begin MonoManager ReloadAssembly
Native extension for WindowsStandalone target not found
Native extension for WebGL target not found
Refreshing native plugins compatible for Editor in 0.58 ms, found 3 plugins.
Preloading 0 native plugins for Editor in 0.00 ms.
Mono: successfully reloaded assembly
- Completed reload, in  1.131 seconds
Platform modules already initialized, skipping
Refreshing native plugins compatible for Editor in 0.51 ms, found 3 plugins.
Preloading 0 native plugins for Editor in 0.00 ms.
Unloading 2076 Unused Serialized files (Serialized files now loaded: 0)
System memory in use before: 105.1 MB.
System memory in use after: 105.0 MB.

Unloading 21 unused Assets to reduce memory usage. Loaded Objects now: 2626.
Total: 3.281600 ms (FindLiveObjects: 0.434100 ms CreateObjectMapping: 0.096800 ms MarkObjects: 2.608300 ms  DeleteObjects: 0.141200 ms)

========================================================================
Received Prepare
Registering precompiled user dll's ...
Registered in 0.071838 seconds.
Begin MonoManager ReloadAssembly
Native extension for WindowsStandalone target not found
Native extension for WebGL target not found
Refreshing native plugins compatible for Editor in 0.78 ms, found 3 plugins.
Preloading 0 native plugins for Editor in 0.00 ms.
Mono: successfully reloaded assembly
- Completed reload, in  1.446 seconds
Platform modules already initialized, skipping
Refreshing native plugins compatible for Editor in 0.58 ms, found 3 plugins.
Preloading 0 native plugins for Editor in 0.00 ms.
Unloading 2076 Unused Serialized files (Serialized files now loaded: 0)
System memory in use before: 105.1 MB.
System memory in use after: 105.0 MB.

Unloading 21 unused Assets to reduce memory usage. Loaded Objects now: 2630.
Total: 3.174200 ms (FindLiveObjects: 0.287800 ms CreateObjectMapping: 0.091900 ms MarkObjects: 2.644100 ms  DeleteObjects: 0.149300 ms)

========================================================================
Received Prepare
Registering precompiled user dll's ...
Registered in 0.424360 seconds.
Begin MonoManager ReloadAssembly
Native extension for WindowsStandalone target not found
Native extension for WebGL target not found
Refreshing native plugins compatible for Editor in 0.54 ms, found 3 plugins.
Preloading 0 native plugins for Editor in 0.00 ms.
Mono: successfully reloaded assembly
- Completed reload, in  1.290 seconds
Platform modules already initialized, skipping
Refreshing native plugins compatible for Editor in 0.53 ms, found 3 plugins.
Preloading 0 native plugins for Editor in 0.00 ms.
Unloading 2076 Unused Serialized files (Serialized files now loaded: 0)
System memory in use before: 105.1 MB.
System memory in use after: 105.1 MB.

Unloading 21 unused Assets to reduce memory usage. Loaded Objects now: 2634.
Total: 2.760000 ms (FindLiveObjects: 0.249800 ms CreateObjectMapping: 0.072100 ms MarkObjects: 2.324100 ms  DeleteObjects: 0.113100 ms)

========================================================================
Received Prepare
Registering precompiled user dll's ...
Registered in 0.006035 seconds.
Begin MonoManager ReloadAssembly
Native extension for WindowsStandalone target not found
Native extension for WebGL target not found
Refreshing native plugins compatible for Editor in 0.47 ms, found 3 plugins.
Preloading 0 native plugins for Editor in 0.00 ms.
Mono: successfully reloaded assembly
- Completed reload, in  1.577 seconds
Platform modules already initialized, skipping
Refreshing native plugins compatible for Editor in 0.74 ms, found 3 plugins.
Preloading 0 native plugins for Editor in 0.00 ms.
Unloading 2076 Unused Serialized files (Serialized files now loaded: 0)
System memory in use before: 105.1 MB.
System memory in use after: 105.1 MB.

Unloading 21 unused Assets to reduce memory usage. Loaded Objects now: 2638.
Total: 2.982800 ms (FindLiveObjects: 0.259100 ms CreateObjectMapping: 0.079400 ms MarkObjects: 2.520200 ms  DeleteObjects: 0.123000 ms)

========================================================================
Received Prepare
Registering precompiled user dll's ...
Registered in 0.005765 seconds.
Begin MonoManager ReloadAssembly
Native extension for WindowsStandalone target not found
Native extension for WebGL target not found
Refreshing native plugins compatible for Editor in 0.55 ms, found 3 plugins.
Preloading 0 native plugins for Editor in 0.00 ms.
Mono: successfully reloaded assembly
- Completed reload, in  1.183 seconds
Platform modules already initialized, skipping
Refreshing native plugins compatible for Editor in 0.56 ms, found 3 plugins.
Preloading 0 native plugins for Editor in 0.00 ms.
Unloading 2076 Unused Serialized files (Serialized files now loaded: 0)
System memory in use before: 105.1 MB.
System memory in use after: 105.1 MB.

Unloading 21 unused Assets to reduce memory usage. Loaded Objects now: 2642.
Total: 3.214600 ms (FindLiveObjects: 0.257900 ms CreateObjectMapping: 0.094300 ms MarkObjects: 2.733500 ms  DeleteObjects: 0.127400 ms)

========================================================================
Received Prepare
Registering precompiled user dll's ...
Registered in 0.005689 seconds.
Begin MonoManager ReloadAssembly
Native extension for WindowsStandalone target not found
Native extension for WebGL target not found
Refreshing native plugins compatible for Editor in 0.79 ms, found 3 plugins.
Preloading 0 native plugins for Editor in 0.00 ms.
Mono: successfully reloaded assembly
- Completed reload, in  2.283 seconds
Platform modules already initialized, skipping
Refreshing native plugins compatible for Editor in 0.81 ms, found 3 plugins.
Preloading 0 native plugins for Editor in 0.00 ms.
Unloading 2076 Unused Serialized files (Serialized files now loaded: 0)
System memory in use before: 105.1 MB.
System memory in use after: 105.1 MB.

Unloading 21 unused Assets to reduce memory usage. Loaded Objects now: 2646.
Total: 5.675200 ms (FindLiveObjects: 0.456300 ms CreateObjectMapping: 0.463700 ms MarkObjects: 4.546000 ms  DeleteObjects: 0.205900 ms)

========================================================================
Received Prepare
Registering precompiled user dll's ...
Registered in 0.006436 seconds.
Begin MonoManager ReloadAssembly
Native extension for WindowsStandalone target not found
Native extension for WebGL target not found
Refreshing native plugins compatible for Editor in 0.96 ms, found 3 plugins.
Preloading 0 native plugins for Editor in 0.00 ms.
Mono: successfully reloaded assembly
- Completed reload, in  1.955 seconds
Platform modules already initialized, skipping
Refreshing native plugins compatible for Editor in 1.08 ms, found 3 plugins.
Preloading 0 native plugins for Editor in 0.00 ms.
Unloading 2076 Unused Serialized files (Serialized files now loaded: 0)
System memory in use before: 105.1 MB.
System memory in use after: 105.1 MB.

Unloading 21 unused Assets to reduce memory usage. Loaded Objects now: 2650.
Total: 5.542700 ms (FindLiveObjects: 0.545400 ms CreateObjectMapping: 0.193300 ms MarkObjects: 4.582200 ms  DeleteObjects: 0.217000 ms)

========================================================================
Received Import Request.
  Time since last request: 33254.274604 seconds.
  path: Assets/Bird.cs
  artifactKey: Guid(743707d1dde692140b7eb9d8e2122233) Importer(815301076,1909f56bfc062723c751e8b465ee728b)
Start importing Assets/Bird.cs using Guid(743707d1dde692140b7eb9d8e2122233) Importer(815301076,1909f56bfc062723c751e8b465ee728b)  -> (artifact id: '96afb4e35e87d31e27e48be2013a9997') in 0.369027 seconds
  Import took 0.455297 seconds .

========================================================================
Received Prepare
Registering precompiled user dll's ...
Registered in 0.018599 seconds.
Begin MonoManager ReloadAssembly
Native extension for WindowsStandalone target not found
Native extension for WebGL target not found
Refreshing native plugins compatible for Editor in 0.56 ms, found 3 plugins.
Preloading 0 native plugins for Editor in 0.00 ms.
Mono: successfully reloaded assembly
- Completed reload, in  1.123 seconds
Platform modules already initialized, skipping
Refreshing native plugins compatible for Editor in 0.48 ms, found 3 plugins.
Preloading 0 native plugins for Editor in 0.00 ms.
Unloading 2076 Unused Serialized files (Serialized files now loaded: 0)
System memory in use before: 105.1 MB.
System memory in use after: 105.1 MB.

Unloading 21 unused Assets to reduce memory usage. Loaded Objects now: 2654.
Total: 3.170400 ms (FindLiveObjects: 0.324700 ms CreateObjectMapping: 0.102200 ms MarkObjects: 2.614500 ms  DeleteObjects: 0.127700 ms)

========================================================================
Received Prepare
Registering precompiled user dll's ...
Registered in 0.005808 seconds.
Begin MonoManager ReloadAssembly
Native extension for WindowsStandalone target not found
Native extension for WebGL target not found
Refreshing native plugins compatible for Editor in 0.59 ms, found 3 plugins.
Preloading 0 native plugins for Editor in 0.00 ms.
Mono: successfully reloaded assembly
- Completed reload, in  1.228 seconds
Platform modules already initialized, skipping
Refreshing native plugins compatible for Editor in 1.13 ms, found 3 plugins.
Preloading 0 native plugins for Editor in 0.00 ms.
Unloading 2076 Unused Serialized files (Serialized files now loaded: 0)
System memory in use before: 105.1 MB.
System memory in use after: 105.1 MB.

Unloading 21 unused Assets to reduce memory usage. Loaded Objects now: 2658.
Total: 3.304300 ms (FindLiveObjects: 0.285800 ms CreateObjectMapping: 0.093000 ms MarkObjects: 2.799700 ms  DeleteObjects: 0.124300 ms)

========================================================================
Received Prepare
Registering precompiled user dll's ...
Registered in 0.005870 seconds.
Begin MonoManager ReloadAssembly
Native extension for WindowsStandalone target not found
Native extension for WebGL target not found
Refreshing native plugins compatible for Editor in 0.67 ms, found 3 plugins.
Preloading 0 native plugins for Editor in 0.00 ms.
Mono: successfully reloaded assembly
- Completed reload, in  1.127 seconds
Platform modules already initialized, skipping
Refreshing native plugins compatible for Editor in 0.93 ms, found 3 plugins.
Preloading 0 native plugins for Editor in 0.00 ms.
Unloading 2076 Unused Serialized files (Serialized files now loaded: 0)
System memory in use before: 105.1 MB.
System memory in use after: 105.1 MB.

Unloading 21 unused Assets to reduce memory usage. Loaded Objects now: 2662.
Total: 3.254500 ms (FindLiveObjects: 0.306600 ms CreateObjectMapping: 0.103300 ms MarkObjects: 2.712300 ms  DeleteObjects: 0.131400 ms)

========================================================================
Received Prepare
Registering precompiled user dll's ...
Registered in 0.005562 seconds.
Begin MonoManager ReloadAssembly
Native extension for WindowsStandalone target not found
Native extension for WebGL target not found
Refreshing native plugins compatible for Editor in 0.63 ms, found 3 plugins.
Preloading 0 native plugins for Editor in 0.00 ms.
Mono: successfully reloaded assembly
- Completed reload, in  1.417 seconds
Platform modules already initialized, skipping
Refreshing native plugins compatible for Editor in 0.54 ms, found 3 plugins.
Preloading 0 native plugins for Editor in 0.00 ms.
Unloading 2076 Unused Serialized files (Serialized files now loaded: 0)
System memory in use before: 105.2 MB.
System memory in use after: 105.1 MB.

Unloading 21 unused Assets to reduce memory usage. Loaded Objects now: 2666.
Total: 3.028800 ms (FindLiveObjects: 0.291500 ms CreateObjectMapping: 0.096400 ms MarkObjects: 2.511700 ms  DeleteObjects: 0.128300 ms)

========================================================================
Received Prepare
Registering precompiled user dll's ...
Registered in 0.005821 seconds.
Begin MonoManager ReloadAssembly
Native extension for WindowsStandalone target not found
Native extension for WebGL target not found
Refreshing native plugins compatible for Editor in 0.53 ms, found 3 plugins.
Preloading 0 native plugins for Editor in 0.00 ms.
Mono: successfully reloaded assembly
- Completed reload, in  1.142 seconds
Platform modules already initialized, skipping
Refreshing native plugins compatible for Editor in 0.61 ms, found 3 plugins.
Preloading 0 native plugins for Editor in 0.00 ms.
Unloading 2076 Unused Serialized files (Serialized files now loaded: 0)
System memory in use before: 105.2 MB.
System memory in use after: 105.2 MB.

Unloading 21 unused Assets to reduce memory usage. Loaded Objects now: 2670.
Total: 3.436100 ms (FindLiveObjects: 0.311000 ms CreateObjectMapping: 0.104100 ms MarkObjects: 2.881800 ms  DeleteObjects: 0.137800 ms)

========================================================================
Received Prepare
Registering precompiled user dll's ...
Registered in 0.036019 seconds.
Begin MonoManager ReloadAssembly
Native extension for WindowsStandalone target not found
Native extension for WebGL target not found
Refreshing native plugins compatible for Editor in 0.53 ms, found 3 plugins.
Preloading 0 native plugins for Editor in 0.00 ms.
Mono: successfully reloaded assembly
- Completed reload, in  1.390 seconds
Platform modules already initialized, skipping
Refreshing native plugins compatible for Editor in 0.53 ms, found 3 plugins.
Preloading 0 native plugins for Editor in 0.00 ms.
Unloading 2076 Unused Serialized files (Serialized files now loaded: 0)
System memory in use before: 105.2 MB.
System memory in use after: 105.2 MB.

Unloading 21 unused Assets to reduce memory usage. Loaded Objects now: 2674.
Total: 2.930300 ms (FindLiveObjects: 0.328700 ms CreateObjectMapping: 0.098000 ms MarkObjects: 2.371200 ms  DeleteObjects: 0.131000 ms)

========================================================================
Received Prepare
Registering precompiled user dll's ...
Registered in 0.006191 seconds.
Begin MonoManager ReloadAssembly
Native extension for WindowsStandalone target not found
Native extension for WebGL target not found
Refreshing native plugins compatible for Editor in 0.57 ms, found 3 plugins.
Preloading 0 native plugins for Editor in 0.00 ms.
Mono: successfully reloaded assembly
- Completed reload, in  1.283 seconds
Platform modules already initialized, skipping
Refreshing native plugins compatible for Editor in 0.56 ms, found 3 plugins.
Preloading 0 native plugins for Editor in 0.00 ms.
Unloading 2076 Unused Serialized files (Serialized files now loaded: 0)
System memory in use before: 105.2 MB.
System memory in use after: 105.2 MB.

Unloading 21 unused Assets to reduce memory usage. Loaded Objects now: 2678.
Total: 2.894100 ms (FindLiveObjects: 0.265700 ms CreateObjectMapping: 0.076900 ms MarkObjects: 2.426100 ms  DeleteObjects: 0.124200 ms)

========================================================================
Received Prepare
Registering precompiled user dll's ...
Registered in 0.006011 seconds.
Begin MonoManager ReloadAssembly
Native extension for WindowsStandalone target not found
Native extension for WebGL target not found
Refreshing native plugins compatible for Editor in 0.56 ms, found 3 plugins.
Preloading 0 native plugins for Editor in 0.00 ms.
Mono: successfully reloaded assembly
- Completed reload, in  1.315 seconds
Platform modules already initialized, skipping
Refreshing native plugins compatible for Editor in 0.56 ms, found 3 plugins.
Preloading 0 native plugins for Editor in 0.00 ms.
Unloading 2076 Unused Serialized files (Serialized files now loaded: 0)
System memory in use before: 105.2 MB.
System memory in use after: 105.2 MB.

Unloading 21 unused Assets to reduce memory usage. Loaded Objects now: 2682.
Total: 2.892700 ms (FindLiveObjects: 0.266000 ms CreateObjectMapping: 0.087700 ms MarkObjects: 2.352000 ms  DeleteObjects: 0.185800 ms)

========================================================================
Received Prepare
Registering precompiled user dll's ...
Registered in 0.008424 seconds.
Begin MonoManager ReloadAssembly
Native extension for WindowsStandalone target not found
Native extension for WebGL target not found
Refreshing native plugins compatible for Editor in 0.54 ms, found 3 plugins.
Preloading 0 native plugins for Editor in 0.00 ms.
Mono: successfully reloaded assembly
- Completed reload, in  1.451 seconds
Platform modules already initialized, skipping
Refreshing native plugins compatible for Editor in 0.47 ms, found 3 plugins.
Preloading 0 native plugins for Editor in 0.00 ms.
Unloading 2076 Unused Serialized files (Serialized files now loaded: 0)
System memory in use before: 105.2 MB.
System memory in use after: 105.2 MB.

Unloading 21 unused Assets to reduce memory usage. Loaded Objects now: 2686.
Total: 3.013300 ms (FindLiveObjects: 0.289400 ms CreateObjectMapping: 0.090200 ms MarkObjects: 2.508300 ms  DeleteObjects: 0.124000 ms)

========================================================================
Received Prepare
Registering precompiled user dll's ...
Registered in 0.005643 seconds.
Begin MonoManager ReloadAssembly
Native extension for WindowsStandalone target not found
Native extension for WebGL target not found
Refreshing native plugins compatible for Editor in 0.68 ms, found 3 plugins.
Preloading 0 native plugins for Editor in 0.00 ms.
Mono: successfully reloaded assembly
- Completed reload, in  2.609 seconds
Platform modules already initialized, skipping
Refreshing native plugins compatible for Editor in 0.86 ms, found 3 plugins.
Preloading 0 native plugins for Editor in 0.00 ms.
Unloading 2076 Unused Serialized files (Serialized files now loaded: 0)
System memory in use before: 105.2 MB.
System memory in use after: 105.2 MB.

Unloading 21 unused Assets to reduce memory usage. Loaded Objects now: 2690.
Total: 5.509500 ms (FindLiveObjects: 0.625200 ms CreateObjectMapping: 0.458600 ms MarkObjects: 4.139400 ms  DeleteObjects: 0.283000 ms)

========================================================================
Received Import Request.
  Time since last request: 1858.284045 seconds.
  path: Assets/crates_study_x2.png
  artifactKey: Guid(6bdb3d403eb5cc04c9c827829e9a9f0c) Importer(815301076,1909f56bfc062723c751e8b465ee728b)
Start importing Assets/crates_study_x2.png using Guid(6bdb3d403eb5cc04c9c827829e9a9f0c) Importer(815301076,1909f56bfc062723c751e8b465ee728b)  -> (artifact id: '70b739c00aa195f24950b4a42464ac99') in 5.469365 seconds
  Import took 5.735215 seconds .

========================================================================
Received Prepare
Registering precompiled user dll's ...
Registered in 0.088290 seconds.
Begin MonoManager ReloadAssembly
Native extension for WindowsStandalone target not found
Native extension for WebGL target not found
Refreshing native plugins compatible for Editor in 0.59 ms, found 3 plugins.
Preloading 0 native plugins for Editor in 0.00 ms.
Mono: successfully reloaded assembly
- Completed reload, in  2.351 seconds
Platform modules already initialized, skipping
Refreshing native plugins compatible for Editor in 1.42 ms, found 3 plugins.
Preloading 0 native plugins for Editor in 0.00 ms.
Unloading 2076 Unused Serialized files (Serialized files now loaded: 0)
System memory in use before: 108.2 MB.
System memory in use after: 108.2 MB.

Unloading 21 unused Assets to reduce memory usage. Loaded Objects now: 2700.
Total: 3.048300 ms (FindLiveObjects: 0.325000 ms CreateObjectMapping: 0.097200 ms MarkObjects: 2.509500 ms  DeleteObjects: 0.115300 ms)

========================================================================
Received Prepare
Registering precompiled user dll's ...
Registered in 0.005663 seconds.
Begin MonoManager ReloadAssembly
Native extension for WindowsStandalone target not found
Native extension for WebGL target not found
Refreshing native plugins compatible for Editor in 0.60 ms, found 3 plugins.
Preloading 0 native plugins for Editor in 0.00 ms.
Mono: successfully reloaded assembly
- Completed reload, in  1.836 seconds
Platform modules already initialized, skipping
Refreshing native plugins compatible for Editor in 0.53 ms, found 3 plugins.
Preloading 0 native plugins for Editor in 0.00 ms.
Unloading 2076 Unused Serialized files (Serialized files now loaded: 0)
System memory in use before: 108.2 MB.
System memory in use after: 108.2 MB.

Unloading 21 unused Assets to reduce memory usage. Loaded Objects now: 2704.
Total: 3.138600 ms (FindLiveObjects: 0.293700 ms CreateObjectMapping: 0.091900 ms MarkObjects: 2.626600 ms  DeleteObjects: 0.125500 ms)

========================================================================
Received Prepare
Registering precompiled user dll's ...
Registered in 0.019449 seconds.
Begin MonoManager ReloadAssembly
Native extension for WindowsStandalone target not found
Native extension for WebGL target not found
Refreshing native plugins compatible for Editor in 0.55 ms, found 3 plugins.
Preloading 0 native plugins for Editor in 0.00 ms.
Mono: successfully reloaded assembly
- Completed reload, in  1.390 seconds
Platform modules already initialized, skipping
Refreshing native plugins compatible for Editor in 0.69 ms, found 3 plugins.
Preloading 0 native plugins for Editor in 0.00 ms.
Unloading 2076 Unused Serialized files (Serialized files now loaded: 0)
System memory in use before: 108.3 MB.
System memory in use after: 108.3 MB.

Unloading 21 unused Assets to reduce memory usage. Loaded Objects now: 2708.
Total: 3.562100 ms (FindLiveObjects: 0.341800 ms CreateObjectMapping: 0.110400 ms MarkObjects: 2.970300 ms  DeleteObjects: 0.138200 ms)

========================================================================
Received Prepare
Registering precompiled user dll's ...
Registered in 0.161735 seconds.
Begin MonoManager ReloadAssembly
Native extension for WindowsStandalone target not found
Native extension for WebGL target not found
Refreshing native plugins compatible for Editor in 0.58 ms, found 3 plugins.
Preloading 0 native plugins for Editor in 0.00 ms.
Mono: successfully reloaded assembly
- Completed reload, in  1.797 seconds
Platform modules already initialized, skipping
Refreshing native plugins compatible for Editor in 1.05 ms, found 3 plugins.
Preloading 0 native plugins for Editor in 0.00 ms.
Unloading 2076 Unused Serialized files (Serialized files now loaded: 0)
System memory in use before: 108.3 MB.
System memory in use after: 108.3 MB.

Unloading 21 unused Assets to reduce memory usage. Loaded Objects now: 2712.
Total: 2.911800 ms (FindLiveObjects: 0.303900 ms CreateObjectMapping: 0.082500 ms MarkObjects: 2.380200 ms  DeleteObjects: 0.144100 ms)

========================================================================
Received Prepare
Registering precompiled user dll's ...
Registered in 0.011188 seconds.
Begin MonoManager ReloadAssembly
Native extension for WindowsStandalone target not found
Native extension for WebGL target not found
Refreshing native plugins compatible for Editor in 0.96 ms, found 3 plugins.
Preloading 0 native plugins for Editor in 0.00 ms.
Mono: successfully reloaded assembly
- Completed reload, in  2.063 seconds
Platform modules already initialized, skipping
Refreshing native plugins compatible for Editor in 0.77 ms, found 3 plugins.
Preloading 0 native plugins for Editor in 0.00 ms.
Unloading 2076 Unused Serialized files (Serialized files now loaded: 0)
System memory in use before: 108.3 MB.
System memory in use after: 108.4 MB.

Unloading 21 unused Assets to reduce memory usage. Loaded Objects now: 2716.
Total: 5.877800 ms (FindLiveObjects: 0.951000 ms CreateObjectMapping: 0.701200 ms MarkObjects: 4.035800 ms  DeleteObjects: 0.185600 ms)

========================================================================
Received Import Request.
  Time since last request: 1403.956697 seconds.
  path: Assets/arrow.png
  artifactKey: Guid(8fcabc7a44ded8947a48a53938786961) Importer(815301076,1909f56bfc062723c751e8b465ee728b)
Start importing Assets/arrow.png using Guid(8fcabc7a44ded8947a48a53938786961) Importer(815301076,1909f56bfc062723c751e8b465ee728b)  -> (artifact id: 'e68bfeb3fec7864592b41edc2faa7015') in 2.940505 seconds
  Import took 3.013619 seconds .

========================================================================
Received Import Request.
  Time since last request: 19.873372 seconds.
  path: Assets
  artifactKey: Guid(00000000000000001000000000000000) Importer(815301076,1909f56bfc062723c751e8b465ee728b)
Start importing Assets using Guid(00000000000000001000000000000000) Importer(815301076,1909f56bfc062723c751e8b465ee728b)  -> (artifact id: '42d402b061de3733987d63b9cc3b64de') in 0.030462 seconds
  Import took 0.174831 seconds .

========================================================================
Received Import Request.
  Time since last request: 15.597421 seconds.
  path: Assets/Arrow.mat
  artifactKey: Guid(a844a02dc66641d4e9a494bbb7dcfe64) Importer(815301076,1909f56bfc062723c751e8b465ee728b)
Start importing Assets/Arrow.mat using Guid(a844a02dc66641d4e9a494bbb7dcfe64) Importer(815301076,1909f56bfc062723c751e8b465ee728b)  -> (artifact id: '2bc08d61477c3845cab9113089321bc7') in 6.236927 seconds
  Import took 6.249179 seconds .

========================================================================
Received Import Request.
  Time since last request: 194.338956 seconds.
  path: Assets/arrow.png
  artifactKey: Guid(8fcabc7a44ded8947a48a53938786961) Importer(815301076,1909f56bfc062723c751e8b465ee728b)
Start importing Assets/arrow.png using Guid(8fcabc7a44ded8947a48a53938786961) Importer(815301076,1909f56bfc062723c751e8b465ee728b)  -> (artifact id: '35fa0d7215b46353900539ea05bc0626') in 0.036262 seconds
  Import took 0.048340 seconds .

========================================================================
Received Import Request.
  Time since last request: 415.281478 seconds.
  path: Assets/arrow.png
  artifactKey: Guid(8fcabc7a44ded8947a48a53938786961) Importer(815301076,1909f56bfc062723c751e8b465ee728b)
Start importing Assets/arrow.png using Guid(8fcabc7a44ded8947a48a53938786961) Importer(815301076,1909f56bfc062723c751e8b465ee728b)  -> (artifact id: '7dd39bffbdd5067aa654df06478c8792') in 0.039340 seconds
  Import took 0.095788 seconds .

========================================================================
Received Import Request.
  Time since last request: 119.343279 seconds.
  path: Assets/arrow.png
  artifactKey: Guid(8fcabc7a44ded8947a48a53938786961) Importer(815301076,1909f56bfc062723c751e8b465ee728b)
Start importing Assets/arrow.png using Guid(8fcabc7a44ded8947a48a53938786961) Importer(815301076,1909f56bfc062723c751e8b465ee728b)  -> (artifact id: '06f1f0bccd569e9264a897e41cd19baf') in 0.035529 seconds
  Import took 0.084228 seconds .

========================================================================
Received Import Request.
  Time since last request: 118.757432 seconds.
  path: Assets/New Material.mat
  artifactKey: Guid(87511e35528a5ce4887daf2a10a4f8e8) Importer(815301076,1909f56bfc062723c751e8b465ee728b)
Start importing Assets/New Material.mat using Guid(87511e35528a5ce4887daf2a10a4f8e8) Importer(815301076,1909f56bfc062723c751e8b465ee728b)  -> (artifact id: '38f077b0eee23ab991b05f017667cc61') in 0.139992 seconds
  Import took 0.171993 seconds .

========================================================================
Received Import Request.
  Time since last request: 53.040368 seconds.
  path: Assets/arrow.png
  artifactKey: Guid(8fcabc7a44ded8947a48a53938786961) Importer(815301076,1909f56bfc062723c751e8b465ee728b)
Start importing Assets/arrow.png using Guid(8fcabc7a44ded8947a48a53938786961) Importer(815301076,1909f56bfc062723c751e8b465ee728b)  -> (artifact id: '35e18800350ebdb39ce58cb846819f7d') in 0.032787 seconds
  Import took 0.038460 seconds .

========================================================================
Received Prepare
Registering precompiled user dll's ...
Registered in 0.137051 seconds.
Begin MonoManager ReloadAssembly
Native extension for WindowsStandalone target not found
Native extension for WebGL target not found
Refreshing native plugins compatible for Editor in 0.61 ms, found 3 plugins.
Preloading 0 native plugins for Editor in 0.00 ms.
Mono: successfully reloaded assembly
- Completed reload, in  4.012 seconds
Platform modules already initialized, skipping
Refreshing native plugins compatible for Editor in 14.50 ms, found 3 plugins.
Preloading 0 native plugins for Editor in 0.00 ms.
Unloading 2076 Unused Serialized files (Serialized files now loaded: 0)
System memory in use before: 108.6 MB.
System memory in use after: 108.7 MB.

Unloading 21 unused Assets to reduce memory usage. Loaded Objects now: 2759.
Total: 4.386300 ms (FindLiveObjects: 0.394500 ms CreateObjectMapping: 0.143300 ms MarkObjects: 3.634800 ms  DeleteObjects: 0.211400 ms)

========================================================================
Received Prepare
Registering precompiled user dll's ...
Registered in 0.882351 seconds.
Begin MonoManager ReloadAssembly
Native extension for WindowsStandalone target not found
Native extension for WebGL target not found
Refreshing native plugins compatible for Editor in 0.91 ms, found 3 plugins.
Preloading 0 native plugins for Editor in 0.00 ms.
Mono: successfully reloaded assembly
- Completed reload, in  7.890 seconds
Platform modules already initialized, skipping
Refreshing native plugins compatible for Editor in 1.07 ms, found 3 plugins.
Preloading 0 native plugins for Editor in 0.00 ms.
Unloading 2076 Unused Serialized files (Serialized files now loaded: 0)
System memory in use before: 108.6 MB.
System memory in use after: 108.7 MB.

Unloading 21 unused Assets to reduce memory usage. Loaded Objects now: 2763.
Total: 3.237700 ms (FindLiveObjects: 0.343400 ms CreateObjectMapping: 0.111600 ms MarkObjects: 2.646300 ms  DeleteObjects: 0.134800 ms)

========================================================================
Received Import Request.
  Time since last request: 1490.865863 seconds.
  path: Assets/frame-1 1.png
  artifactKey: Guid(1ac1bcf5e6712ed4f866f23dc32781b1) Importer(815301076,1909f56bfc062723c751e8b465ee728b)
Start importing Assets/frame-1 1.png using Guid(1ac1bcf5e6712ed4f866f23dc32781b1) Importer(815301076,1909f56bfc062723c751e8b465ee728b)  -> (artifact id: 'de53d3f0df2431a6ddddb04f300ff785') in 3.987188 seconds
  Import took 4.217567 seconds .

========================================================================
Received Import Request.
  Time since last request: 0.033828 seconds.
  path: Assets/frame-2 1.png
  artifactKey: Guid(4845858e773e04242a2c22ba0798046c) Importer(815301076,1909f56bfc062723c751e8b465ee728b)
Start importing Assets/frame-2 1.png using Guid(4845858e773e04242a2c22ba0798046c) Importer(815301076,1909f56bfc062723c751e8b465ee728b)  -> (artifact id: 'ece709c16f878e66efe319f9dc0a3dfa') in 0.072120 seconds
  Import took 0.206003 seconds .

========================================================================
Received Import Request.
  Time since last request: 0.022594 seconds.
  path: Assets/frame-2 1.png
  artifactKey: Guid(4845858e773e04242a2c22ba0798046c) Importer(815301076,1909f56bfc062723c751e8b465ee728b)
Start importing Assets/frame-2 1.png using Guid(4845858e773e04242a2c22ba0798046c) Importer(815301076,1909f56bfc062723c751e8b465ee728b)  -> (artifact id: 'ece709c16f878e66efe319f9dc0a3dfa') in 0.053754 seconds
  Import took 1.017604 seconds .

========================================================================
Received Import Request.
  Time since last request: 7.977007 seconds.
  path: Assets/frame-1 2.png
  artifactKey: Guid(a674b71a827d7954c8e6608863b556e3) Importer(815301076,1909f56bfc062723c751e8b465ee728b)
Start importing Assets/frame-1 2.png using Guid(a674b71a827d7954c8e6608863b556e3) Importer(815301076,1909f56bfc062723c751e8b465ee728b)  -> (artifact id: '5701d378134fca7e0dd2ca10908104cd') in 0.135139 seconds
  Import took 0.195494 seconds .

========================================================================
Received Import Request.
  Time since last request: 0.000936 seconds.
  path: Assets/frame-2 2.png
  artifactKey: Guid(ec61daf7508a1624f911dd3c6e70c4cf) Importer(815301076,1909f56bfc062723c751e8b465ee728b)
Start importing Assets/frame-2 2.png using Guid(ec61daf7508a1624f911dd3c6e70c4cf) Importer(815301076,1909f56bfc062723c751e8b465ee728b)  -> (artifact id: 'ba700b90b15cf5f794df52a180d015ad') in 0.115357 seconds
  Import took 0.242047 seconds .

========================================================================
Received Import Request.
  Time since last request: 57.487119 seconds.
  path: Assets/Enemy_alive_1.png
  artifactKey: Guid(1ac1bcf5e6712ed4f866f23dc32781b1) Importer(815301076,1909f56bfc062723c751e8b465ee728b)
Start importing Assets/Enemy_alive_1.png using Guid(1ac1bcf5e6712ed4f866f23dc32781b1) Importer(815301076,1909f56bfc062723c751e8b465ee728b)  -> (artifact id: '213a782fcb8e0f84b2d19c3debc7a2f6') in 0.208112 seconds
  Import took 0.257643 seconds .

========================================================================
Received Import Request.
  Time since last request: 11.899622 seconds.
  path: Assets/Enemy_alive_2.png
  artifactKey: Guid(4845858e773e04242a2c22ba0798046c) Importer(815301076,1909f56bfc062723c751e8b465ee728b)
Start importing Assets/Enemy_alive_2.png using Guid(4845858e773e04242a2c22ba0798046c) Importer(815301076,1909f56bfc062723c751e8b465ee728b)  -> (artifact id: '7783848a0dce619cf913411a7e49603c') in 0.126516 seconds
  Import took 0.188397 seconds .

========================================================================
Received Import Request.
  Time since last request: 13.459759 seconds.
  path: Assets/Enemy_dead_1.png
  artifactKey: Guid(a674b71a827d7954c8e6608863b556e3) Importer(815301076,1909f56bfc062723c751e8b465ee728b)
Start importing Assets/Enemy_dead_1.png using Guid(a674b71a827d7954c8e6608863b556e3) Importer(815301076,1909f56bfc062723c751e8b465ee728b)  -> (artifact id: 'ebcf9cdd200333d7d1aead28041a728a') in 0.076274 seconds
  Import took 0.143507 seconds .

========================================================================
Received Import Request.
  Time since last request: 10.858976 seconds.
  path: Assets/Enemy_dead_2.png
  artifactKey: Guid(ec61daf7508a1624f911dd3c6e70c4cf) Importer(815301076,1909f56bfc062723c751e8b465ee728b)
Start importing Assets/Enemy_dead_2.png using Guid(ec61daf7508a1624f911dd3c6e70c4cf) Importer(815301076,1909f56bfc062723c751e8b465ee728b)  -> (artifact id: 'd4dfdff7e845d828192b9f311fcb07d2') in 0.112545 seconds
  Import took 0.135449 seconds .

========================================================================
Received Import Request.
  Time since last request: 10.501302 seconds.
  path: Assets/Bird_1.png
  artifactKey: Guid(2da742540c2175a4bb5b4e38c756cdc5) Importer(815301076,1909f56bfc062723c751e8b465ee728b)
Start importing Assets/Bird_1.png using Guid(2da742540c2175a4bb5b4e38c756cdc5) Importer(815301076,1909f56bfc062723c751e8b465ee728b)  -> (artifact id: '298d7bf33955ef164a913b6442a44369') in 0.180652 seconds
  Import took 0.218278 seconds .

========================================================================
Received Import Request.
  Time since last request: 11.510673 seconds.
  path: Assets/Bird_2.png
  artifactKey: Guid(573ae9c38e0567947bf4264e512b5ace) Importer(815301076,1909f56bfc062723c751e8b465ee728b)
Start importing Assets/Bird_2.png using Guid(573ae9c38e0567947bf4264e512b5ace) Importer(815301076,1909f56bfc062723c751e8b465ee728b)  -> (artifact id: '887984afa1aa85427becf2723b410eea') in 0.184767 seconds
  Import took 0.236050 seconds .

========================================================================
Received Import Request.
  Time since last request: 9.846670 seconds.
  path: Assets/Bird_3.png
  artifactKey: Guid(9ad8cc74520a45046bf12cd74e48f4a7) Importer(815301076,1909f56bfc062723c751e8b465ee728b)
Start importing Assets/Bird_3.png using Guid(9ad8cc74520a45046bf12cd74e48f4a7) Importer(815301076,1909f56bfc062723c751e8b465ee728b)  -> (artifact id: '3951c3cc2414c4081f24aa71691c2f97') in 0.218769 seconds
  Import took 0.236097 seconds .

========================================================================
Received Import Request.
  Time since last request: 11.025621 seconds.
  path: Assets/Bird_4.png
  artifactKey: Guid(b1ef4c01349f1564fa55ec8dc983332e) Importer(815301076,1909f56bfc062723c751e8b465ee728b)
Start importing Assets/Bird_4.png using Guid(b1ef4c01349f1564fa55ec8dc983332e) Importer(815301076,1909f56bfc062723c751e8b465ee728b)  -> (artifact id: 'a3cd441ea2def81eabe9eaa63a4b9a71') in 0.157555 seconds
  Import took 0.191054 seconds .

========================================================================
Received Import Request.
  Time since last request: 5.901230 seconds.
  path: Assets/Bird_5.png
  artifactKey: Guid(a2bfb668398d97748a53f76591b4e403) Importer(815301076,1909f56bfc062723c751e8b465ee728b)
Start importing Assets/Bird_5.png using Guid(a2bfb668398d97748a53f76591b4e403) Importer(815301076,1909f56bfc062723c751e8b465ee728b)  -> (artifact id: 'c0716568cc14dfb93f3ab155f82a25ff') in 0.136719 seconds
  Import took 0.179519 seconds .

========================================================================
Received Import Request.
  Time since last request: 5.488619 seconds.
  path: Assets/Bird_6.png
  artifactKey: Guid(f97230bc97c78414ab0c8be05e4d60f5) Importer(815301076,1909f56bfc062723c751e8b465ee728b)
Start importing Assets/Bird_6.png using Guid(f97230bc97c78414ab0c8be05e4d60f5) Importer(815301076,1909f56bfc062723c751e8b465ee728b)  -> (artifact id: 'faf6f12a3998b307c7990f3c47244597') in 0.142791 seconds
  Import took 0.248616 seconds .

========================================================================
Received Import Request.
  Time since last request: 7.143772 seconds.
  path: Assets/Bird_7.png
  artifactKey: Guid(a2793e7cca0855342b208bb28562536e) Importer(815301076,1909f56bfc062723c751e8b465ee728b)
Start importing Assets/Bird_7.png using Guid(a2793e7cca0855342b208bb28562536e) Importer(815301076,1909f56bfc062723c751e8b465ee728b)  -> (artifact id: 'abdd321df9f06b5e64f8a29da0de0474') in 0.144856 seconds
  Import took 0.177641 seconds .

========================================================================
Received Import Request.
  Time since last request: 0.001657 seconds.
  path: Assets/Bird_7.png
  artifactKey: Guid(a2793e7cca0855342b208bb28562536e) Importer(815301076,1909f56bfc062723c751e8b465ee728b)
Start importing Assets/Bird_7.png using Guid(a2793e7cca0855342b208bb28562536e) Importer(815301076,1909f56bfc062723c751e8b465ee728b)  -> (artifact id: 'abdd321df9f06b5e64f8a29da0de0474') in 0.067273 seconds
  Import took 0.075372 seconds .

========================================================================
Received Import Request.
  Time since last request: 5.972881 seconds.
  path: Assets/Bird_8.png
  artifactKey: Guid(3314cfe593806d247873e967ab01f4a0) Importer(815301076,1909f56bfc062723c751e8b465ee728b)
Start importing Assets/Bird_8.png using Guid(3314cfe593806d247873e967ab01f4a0) Importer(815301076,1909f56bfc062723c751e8b465ee728b)  -> (artifact id: '4583dfb8a7d0ee55983ea152d3ae1514') in 0.071089 seconds
  Import took 0.108419 seconds .

========================================================================
Received Import Request.
  Time since last request: 2.962349 seconds.
  path: Assets/frame-1.controller
  artifactKey: Guid(c84d0d35b77821844b14969cb463ccf5) Importer(815301076,1909f56bfc062723c751e8b465ee728b)
Start importing Assets/frame-1.controller using Guid(c84d0d35b77821844b14969cb463ccf5) Importer(815301076,1909f56bfc062723c751e8b465ee728b)  -> (artifact id: 'd30d72f6a5d4282200bd56dc558e6c5c') in 0.672125 seconds
  Import took 0.687350 seconds .

========================================================================
Received Import Request.
  Time since last request: 53.428299 seconds.
  path: Assets/White-Arrow.mat
  artifactKey: Guid(87511e35528a5ce4887daf2a10a4f8e8) Importer(815301076,1909f56bfc062723c751e8b465ee728b)
Start importing Assets/White-Arrow.mat using Guid(87511e35528a5ce4887daf2a10a4f8e8) Importer(815301076,1909f56bfc062723c751e8b465ee728b)  -> (artifact id: 'b185bd774fca598d5b85d3478ab8543b') in 1.987453 seconds
  Import took 2.026105 seconds .

========================================================================
Received Import Request.
  Time since last request: 34.245163 seconds.
  path: Assets/Monsters
  artifactKey: Guid(f1189906d6a33484fbf345567a66416c) Importer(815301076,1909f56bfc062723c751e8b465ee728b)
Start importing Assets/Monsters using Guid(f1189906d6a33484fbf345567a66416c) Importer(815301076,1909f56bfc062723c751e8b465ee728b)  -> (artifact id: '1a69bd2809f56f8d3c434033c43cca2c') in 0.146301 seconds
  Import took 0.191640 seconds .

========================================================================
Received Import Request.
  Time since last request: 0.083582 seconds.
  path: Assets/Monsters
  artifactKey: Guid(f1189906d6a33484fbf345567a66416c) Importer(815301076,1909f56bfc062723c751e8b465ee728b)
Start importing Assets/Monsters using Guid(f1189906d6a33484fbf345567a66416c) Importer(815301076,1909f56bfc062723c751e8b465ee728b)  -> (artifact id: '1a69bd2809f56f8d3c434033c43cca2c') in 0.109024 seconds
  Import took 0.124049 seconds .

========================================================================
Received Import Request.
  Time since last request: 61.492155 seconds.
  path: Assets/Birds
  artifactKey: Guid(9275bd12c06cbb34587de2b60422dbe5) Importer(815301076,1909f56bfc062723c751e8b465ee728b)
Start importing Assets/Birds using Guid(9275bd12c06cbb34587de2b60422dbe5) Importer(815301076,1909f56bfc062723c751e8b465ee728b)  -> (artifact id: 'd29dbda62c2f0af286fab424926fe9bb') in 0.060553 seconds
  Import took 0.094264 seconds .

========================================================================
Received Import Request.
  Time since last request: 4.059520 seconds.
  path: Assets/Bird.cs
  artifactKey: Guid(743707d1dde692140b7eb9d8e2122233) Importer(815301076,1909f56bfc062723c751e8b465ee728b)
Start importing Assets/Bird.cs using Guid(743707d1dde692140b7eb9d8e2122233) Importer(815301076,1909f56bfc062723c751e8b465ee728b)  -> (artifact id: 'b15a3175a0b122e5401e96dfb078b2d1') in 0.039617 seconds
  Import took 0.045512 seconds .

========================================================================
Received Prepare
Registering precompiled user dll's ...
Registered in 0.116151 seconds.
Begin MonoManager ReloadAssembly
Native extension for WindowsStandalone target not found
Native extension for WebGL target not found
Refreshing native plugins compatible for Editor in 0.82 ms, found 3 plugins.
Preloading 0 native plugins for Editor in 0.00 ms.
Mono: successfully reloaded assembly
- Completed reload, in  3.485 seconds
Platform modules already initialized, skipping
Refreshing native plugins compatible for Editor in 1.59 ms, found 3 plugins.
Preloading 0 native plugins for Editor in 0.00 ms.
Unloading 2076 Unused Serialized files (Serialized files now loaded: 0)
System memory in use before: 108.7 MB.
System memory in use after: 108.7 MB.

Unloading 21 unused Assets to reduce memory usage. Loaded Objects now: 2775.
Total: 9.798200 ms (FindLiveObjects: 0.854000 ms CreateObjectMapping: 0.371700 ms MarkObjects: 7.998600 ms  DeleteObjects: 0.569700 ms)

========================================================================
Received Prepare
Registering precompiled user dll's ...
Registered in 0.012726 seconds.
Begin MonoManager ReloadAssembly
Native extension for WindowsStandalone target not found
Native extension for WebGL target not found
Refreshing native plugins compatible for Editor in 1.39 ms, found 3 plugins.
Preloading 0 native plugins for Editor in 0.00 ms.
Mono: successfully reloaded assembly
- Completed reload, in  2.885 seconds
Platform modules already initialized, skipping
Refreshing native plugins compatible for Editor in 1.64 ms, found 3 plugins.
Preloading 0 native plugins for Editor in 0.00 ms.
Unloading 2076 Unused Serialized files (Serialized files now loaded: 0)
System memory in use before: 108.7 MB.
System memory in use after: 108.7 MB.

Unloading 21 unused Assets to reduce memory usage. Loaded Objects now: 2779.
Total: 5.464100 ms (FindLiveObjects: 0.565800 ms CreateObjectMapping: 0.245100 ms MarkObjects: 4.424600 ms  DeleteObjects: 0.226500 ms)

========================================================================
Received Prepare
Registering precompiled user dll's ...
Registered in 0.174955 seconds.
Begin MonoManager ReloadAssembly
Native extension for WindowsStandalone target not found
Native extension for WebGL target not found
Refreshing native plugins compatible for Editor in 1.87 ms, found 3 plugins.
Preloading 0 native plugins for Editor in 0.00 ms.
Invalid AssetDatabase path: /Editor/EditorResources/cm_logo_sm.png. Use path relative to the project folder.
UnityEngine.StackTraceUtility:ExtractStackTrace ()
UnityEditor.AssetDatabase:LoadAssetAtPath<UnityEngine.Texture2D> (string)
Cinemachine.Editor.CinemachineSettings:get_CinemachineLogoTexture () (at Library/PackageCache/com.unity.cinemachine@2.6.5/Editor/Windows/CinemachineSettings.cs:205)
Cinemachine.Editor.CinemachineSettings:.cctor () (at Library/PackageCache/com.unity.cinemachine@2.6.5/Editor/Windows/CinemachineSettings.cs:237)
Cinemachine.CinemachineColliderPrefs:.cctor () (at Library/PackageCache/com.unity.cinemachine@2.6.5/Editor/Windows/CinemachineColliderPrefs.cs:61)
System.Runtime.CompilerServices.RuntimeHelpers:RunClassConstructor (System.RuntimeTypeHandle)
UnityEditor.EditorAssemblies:ProcessInitializeOnLoadAttributes (System.Type[])

[Library/PackageCache/com.unity.cinemachine@2.6.5/Editor/Windows/CinemachineSettings.cs line 205]

Mono: successfully reloaded assembly
- Completed reload, in  5.787 seconds
Platform modules already initialized, skipping
Refreshing native plugins compatible for Editor in 1.69 ms, found 3 plugins.
Preloading 0 native plugins for Editor in 0.00 ms.
Unloading 2222 Unused Serialized files (Serialized files now loaded: 0)
System memory in use before: 113.6 MB.
System memory in use after: 113.7 MB.

Unloading 22 unused Assets to reduce memory usage. Loaded Objects now: 2928.
Total: 9.492400 ms (FindLiveObjects: 0.880900 ms CreateObjectMapping: 0.416500 ms MarkObjects: 7.773400 ms  DeleteObjects: 0.417500 ms)

========================================================================
Received Prepare
Registering precompiled user dll's ...
Registered in 0.008561 seconds.
Begin MonoManager ReloadAssembly
Native extension for WindowsStandalone target not found
Native extension for WebGL target not found
Refreshing native plugins compatible for Editor in 0.70 ms, found 3 plugins.
Preloading 0 native plugins for Editor in 0.00 ms.
Mono: successfully reloaded assembly
- Completed reload, in  1.973 seconds
Platform modules already initialized, skipping
Refreshing native plugins compatible for Editor in 0.76 ms, found 3 plugins.
Preloading 0 native plugins for Editor in 0.00 ms.
Unloading 2223 Unused Serialized files (Serialized files now loaded: 0)
System memory in use before: 113.8 MB.
System memory in use after: 113.8 MB.

Unloading 23 unused Assets to reduce memory usage. Loaded Objects now: 2933.
Total: 4.507500 ms (FindLiveObjects: 0.483400 ms CreateObjectMapping: 0.183100 ms MarkObjects: 3.650700 ms  DeleteObjects: 0.188400 ms)

========================================================================
Received Prepare
Registering precompiled user dll's ...
Registered in 0.008264 seconds.
Begin MonoManager ReloadAssembly
Native extension for WindowsStandalone target not found
Native extension for WebGL target not found
Refreshing native plugins compatible for Editor in 0.62 ms, found 3 plugins.
Preloading 0 native plugins for Editor in 0.00 ms.
Mono: successfully reloaded assembly
- Completed reload, in  1.862 seconds
Platform modules already initialized, skipping
Refreshing native plugins compatible for Editor in 0.88 ms, found 3 plugins.
Preloading 0 native plugins for Editor in 0.00 ms.
Unloading 2222 Unused Serialized files (Serialized files now loaded: 0)
System memory in use before: 113.8 MB.
System memory in use after: 113.8 MB.

Unloading 23 unused Assets to reduce memory usage. Loaded Objects now: 2937.
Total: 5.520600 ms (FindLiveObjects: 0.628700 ms CreateObjectMapping: 0.238000 ms MarkObjects: 4.362000 ms  DeleteObjects: 0.288700 ms)

========================================================================
Received Prepare
Registering precompiled user dll's ...
Registered in 0.008180 seconds.
Begin MonoManager ReloadAssembly
Native extension for WindowsStandalone target not found
Native extension for WebGL target not found
Refreshing native plugins compatible for Editor in 0.68 ms, found 3 plugins.
Preloading 0 native plugins for Editor in 0.00 ms.
Mono: successfully reloaded assembly
- Completed reload, in  1.734 seconds
Platform modules already initialized, skipping
Refreshing native plugins compatible for Editor in 1.51 ms, found 3 plugins.
Preloading 0 native plugins for Editor in 0.00 ms.
Unloading 2222 Unused Serialized files (Serialized files now loaded: 0)
System memory in use before: 113.8 MB.
System memory in use after: 113.8 MB.

Unloading 23 unused Assets to reduce memory usage. Loaded Objects now: 2941.
Total: 6.347700 ms (FindLiveObjects: 0.629700 ms CreateObjectMapping: 0.338400 ms MarkObjects: 5.047800 ms  DeleteObjects: 0.328500 ms)

========================================================================
Received Prepare
Registering precompiled user dll's ...
Registered in 0.008342 seconds.
Begin MonoManager ReloadAssembly
Native extension for WindowsStandalone target not found
Native extension for WebGL target not found
Refreshing native plugins compatible for Editor in 0.66 ms, found 3 plugins.
Preloading 0 native plugins for Editor in 0.00 ms.
Mono: successfully reloaded assembly
- Completed reload, in  1.613 seconds
Platform modules already initialized, skipping
Refreshing native plugins compatible for Editor in 0.69 ms, found 3 plugins.
Preloading 0 native plugins for Editor in 0.00 ms.
Unloading 2222 Unused Serialized files (Serialized files now loaded: 0)
System memory in use before: 113.8 MB.
System memory in use after: 113.8 MB.

Unloading 23 unused Assets to reduce memory usage. Loaded Objects now: 2945.
Total: 4.428100 ms (FindLiveObjects: 0.433100 ms CreateObjectMapping: 0.163100 ms MarkObjects: 3.629700 ms  DeleteObjects: 0.200800 ms)

========================================================================
Received Prepare
Registering precompiled user dll's ...
Registered in 0.010459 seconds.
Begin MonoManager ReloadAssembly
Native extension for WindowsStandalone target not found
Native extension for WebGL target not found
Refreshing native plugins compatible for Editor in 0.68 ms, found 3 plugins.
Preloading 0 native plugins for Editor in 0.00 ms.
Mono: successfully reloaded assembly
- Completed reload, in  1.707 seconds
Platform modules already initialized, skipping
Refreshing native plugins compatible for Editor in 0.91 ms, found 3 plugins.
Preloading 0 native plugins for Editor in 0.00 ms.
Unloading 2222 Unused Serialized files (Serialized files now loaded: 0)
System memory in use before: 113.8 MB.
System memory in use after: 113.8 MB.

Unloading 23 unused Assets to reduce memory usage. Loaded Objects now: 2949.
Total: 5.552000 ms (FindLiveObjects: 0.530200 ms CreateObjectMapping: 0.215700 ms MarkObjects: 4.482600 ms  DeleteObjects: 0.321400 ms)

========================================================================
Received Prepare
Registering precompiled user dll's ...
Registered in 0.008381 seconds.
Begin MonoManager ReloadAssembly
Native extension for WindowsStandalone target not found
Native extension for WebGL target not found
Refreshing native plugins compatible for Editor in 0.66 ms, found 3 plugins.
Preloading 0 native plugins for Editor in 0.00 ms.
Mono: successfully reloaded assembly
- Completed reload, in  1.975 seconds
Platform modules already initialized, skipping
Refreshing native plugins compatible for Editor in 0.88 ms, found 3 plugins.
Preloading 0 native plugins for Editor in 0.00 ms.
Unloading 2223 Unused Serialized files (Serialized files now loaded: 0)
System memory in use before: 113.8 MB.
System memory in use after: 113.9 MB.

Unloading 23 unused Assets to reduce memory usage. Loaded Objects now: 2954.
Total: 5.483300 ms (FindLiveObjects: 0.499300 ms CreateObjectMapping: 0.217600 ms MarkObjects: 4.519800 ms  DeleteObjects: 0.244500 ms)

========================================================================
Received Import Request.
  Time since last request: 1156.907200 seconds.
  path: Assets/Monsters/Enemy.cs
  artifactKey: Guid(4044aed01817e414ebf73230e75b7ec9) Importer(815301076,1909f56bfc062723c751e8b465ee728b)
Start importing Assets/Monsters/Enemy.cs using Guid(4044aed01817e414ebf73230e75b7ec9) Importer(815301076,1909f56bfc062723c751e8b465ee728b)  -> (artifact id: '896232afa841616325843d2f9df6a7e2') in 0.075013 seconds
  Import took 0.094011 seconds .

========================================================================
Received Prepare
Registering precompiled user dll's ...
Registered in 0.011795 seconds.
Begin MonoManager ReloadAssembly
Native extension for WindowsStandalone target not found
Native extension for WebGL target not found
Refreshing native plugins compatible for Editor in 0.85 ms, found 3 plugins.
Preloading 0 native plugins for Editor in 0.00 ms.
Mono: successfully reloaded assembly
- Completed reload, in  2.407 seconds
Platform modules already initialized, skipping
Refreshing native plugins compatible for Editor in 1.35 ms, found 3 plugins.
Preloading 0 native plugins for Editor in 0.00 ms.
Unloading 2223 Unused Serialized files (Serialized files now loaded: 0)
System memory in use before: 113.9 MB.
System memory in use after: 114.0 MB.

Unloading 23 unused Assets to reduce memory usage. Loaded Objects now: 2958.
Total: 8.978000 ms (FindLiveObjects: 0.754600 ms CreateObjectMapping: 0.357600 ms MarkObjects: 7.472700 ms  DeleteObjects: 0.389700 ms)

========================================================================
Received Prepare
Registering precompiled user dll's ...
Registered in 0.081954 seconds.
Begin MonoManager ReloadAssembly
Native extension for WindowsStandalone target not found
Native extension for WebGL target not found
Refreshing native plugins compatible for Editor in 0.95 ms, found 3 plugins.
Preloading 0 native plugins for Editor in 0.00 ms.
Mono: successfully reloaded assembly
- Completed reload, in  7.598 seconds
Platform modules already initialized, skipping
Refreshing native plugins compatible for Editor in 1.57 ms, found 3 plugins.
Preloading 0 native plugins for Editor in 0.00 ms.
Unloading 2223 Unused Serialized files (Serialized files now loaded: 0)
System memory in use before: 113.9 MB.
System memory in use after: 114.0 MB.

Unloading 23 unused Assets to reduce memory usage. Loaded Objects now: 2962.
Total: 71.362400 ms (FindLiveObjects: 23.144300 ms CreateObjectMapping: 0.672800 ms MarkObjects: 46.930400 ms  DeleteObjects: 0.609200 ms)

========================================================================
Received Prepare
Registering precompiled user dll's ...
Registered in 0.057907 seconds.
Begin MonoManager ReloadAssembly
Native extension for WindowsStandalone target not found
Native extension for WebGL target not found
Refreshing native plugins compatible for Editor in 0.76 ms, found 3 plugins.
Preloading 0 native plugins for Editor in 0.00 ms.
Mono: successfully reloaded assembly
- Completed reload, in  2.851 seconds
Platform modules already initialized, skipping
Refreshing native plugins compatible for Editor in 1.67 ms, found 3 plugins.
Preloading 0 native plugins for Editor in 0.00 ms.
Unloading 2223 Unused Serialized files (Serialized files now loaded: 0)
System memory in use before: 114.0 MB.
System memory in use after: 114.0 MB.

Unloading 23 unused Assets to reduce memory usage. Loaded Objects now: 2966.
Total: 5.023500 ms (FindLiveObjects: 0.460900 ms CreateObjectMapping: 0.200200 ms MarkObjects: 4.136500 ms  DeleteObjects: 0.224500 ms)

========================================================================
Received Prepare
Registering precompiled user dll's ...
Registered in 0.009372 seconds.
Begin MonoManager ReloadAssembly
Native extension for WindowsStandalone target not found
Native extension for WebGL target not found
Refreshing native plugins compatible for Editor in 0.70 ms, found 3 plugins.
Preloading 0 native plugins for Editor in 0.00 ms.
Mono: successfully reloaded assembly
- Completed reload, in  1.941 seconds
Platform modules already initialized, skipping
Refreshing native plugins compatible for Editor in 0.74 ms, found 3 plugins.
Preloading 0 native plugins for Editor in 0.00 ms.
Unloading 2223 Unused Serialized files (Serialized files now loaded: 0)
System memory in use before: 114.0 MB.
System memory in use after: 114.1 MB.

Unloading 23 unused Assets to reduce memory usage. Loaded Objects now: 2970.
Total: 4.168100 ms (FindLiveObjects: 0.413000 ms CreateObjectMapping: 0.161100 ms MarkObjects: 3.415000 ms  DeleteObjects: 0.177500 ms)

========================================================================
Received Prepare
Registering precompiled user dll's ...
Registered in 0.008379 seconds.
Begin MonoManager ReloadAssembly
Native extension for WindowsStandalone target not found
Native extension for WebGL target not found
Refreshing native plugins compatible for Editor in 0.73 ms, found 3 plugins.
Preloading 0 native plugins for Editor in 0.00 ms.
Mono: successfully reloaded assembly
- Completed reload, in  1.798 seconds
Platform modules already initialized, skipping
Refreshing native plugins compatible for Editor in 0.63 ms, found 3 plugins.
Preloading 0 native plugins for Editor in 0.00 ms.
Unloading 2223 Unused Serialized files (Serialized files now loaded: 0)
System memory in use before: 113.9 MB.
System memory in use after: 114.0 MB.

Unloading 23 unused Assets to reduce memory usage. Loaded Objects now: 2974.
Total: 4.407200 ms (FindLiveObjects: 0.425600 ms CreateObjectMapping: 0.151500 ms MarkObjects: 3.638300 ms  DeleteObjects: 0.190300 ms)

========================================================================
Received Prepare
Registering precompiled user dll's ...
Registered in 0.008329 seconds.
Begin MonoManager ReloadAssembly
Native extension for WindowsStandalone target not found
Native extension for WebGL target not found
Refreshing native plugins compatible for Editor in 0.76 ms, found 3 plugins.
Preloading 0 native plugins for Editor in 0.00 ms.
Mono: successfully reloaded assembly
- Completed reload, in  2.074 seconds
Platform modules already initialized, skipping
Refreshing native plugins compatible for Editor in 1.02 ms, found 3 plugins.
Preloading 0 native plugins for Editor in 0.00 ms.
Unloading 2223 Unused Serialized files (Serialized files now loaded: 0)
System memory in use before: 113.9 MB.
System memory in use after: 114.0 MB.

Unloading 23 unused Assets to reduce memory usage. Loaded Objects now: 2978.
Total: 7.132900 ms (FindLiveObjects: 0.593800 ms CreateObjectMapping: 0.239000 ms MarkObjects: 5.962900 ms  DeleteObjects: 0.334500 ms)

========================================================================
Received Prepare
Registering precompiled user dll's ...
Registered in 0.160449 seconds.
Begin MonoManager ReloadAssembly
Native extension for WindowsStandalone target not found
Native extension for WebGL target not found
Refreshing native plugins compatible for Editor in 2.50 ms, found 3 plugins.
Preloading 0 native plugins for Editor in 0.00 ms.
Mono: successfully reloaded assembly
- Completed reload, in  3.212 seconds
Platform modules already initialized, skipping
Refreshing native plugins compatible for Editor in 1.58 ms, found 3 plugins.
Preloading 0 native plugins for Editor in 0.00 ms.
Unloading 2223 Unused Serialized files (Serialized files now loaded: 0)
System memory in use before: 113.9 MB.
System memory in use after: 114.0 MB.

Unloading 23 unused Assets to reduce memory usage. Loaded Objects now: 2982.
Total: 10.303400 ms (FindLiveObjects: 0.962200 ms CreateObjectMapping: 0.439100 ms MarkObjects: 8.415600 ms  DeleteObjects: 0.482500 ms)

========================================================================
Received Prepare
Registering precompiled user dll's ...
Registered in 0.008498 seconds.
Begin MonoManager ReloadAssembly
Native extension for WindowsStandalone target not found
Native extension for WebGL target not found
Refreshing native plugins compatible for Editor in 0.71 ms, found 3 plugins.
Preloading 0 native plugins for Editor in 0.00 ms.
Mono: successfully reloaded assembly
- Completed reload, in  1.707 seconds
Platform modules already initialized, skipping
Refreshing native plugins compatible for Editor in 0.85 ms, found 3 plugins.
Preloading 0 native plugins for Editor in 0.00 ms.
Unloading 2223 Unused Serialized files (Serialized files now loaded: 0)
System memory in use before: 114.0 MB.
System memory in use after: 114.0 MB.

Unloading 23 unused Assets to reduce memory usage. Loaded Objects now: 2986.
Total: 5.357900 ms (FindLiveObjects: 0.515100 ms CreateObjectMapping: 0.240700 ms MarkObjects: 4.364200 ms  DeleteObjects: 0.235200 ms)

========================================================================
Received Prepare
Registering precompiled user dll's ...
Registered in 0.008450 seconds.
Begin MonoManager ReloadAssembly
Native extension for WindowsStandalone target not found
Native extension for WebGL target not found
Refreshing native plugins compatible for Editor in 0.70 ms, found 3 plugins.
Preloading 0 native plugins for Editor in 0.00 ms.
Mono: successfully reloaded assembly
- Completed reload, in  2.007 seconds
Platform modules already initialized, skipping
Refreshing native plugins compatible for Editor in 0.65 ms, found 3 plugins.
Preloading 0 native plugins for Editor in 0.00 ms.
Unloading 2223 Unused Serialized files (Serialized files now loaded: 0)
System memory in use before: 114.0 MB.
System memory in use after: 114.0 MB.

Unloading 23 unused Assets to reduce memory usage. Loaded Objects now: 2990.
Total: 4.134800 ms (FindLiveObjects: 0.410900 ms CreateObjectMapping: 0.165400 ms MarkObjects: 3.341500 ms  DeleteObjects: 0.215600 ms)

========================================================================
Received Prepare
Registering precompiled user dll's ...
Registered in 0.017332 seconds.
Begin MonoManager ReloadAssembly
Native extension for WindowsStandalone target not found
Native extension for WebGL target not found
Refreshing native plugins compatible for Editor in 1.07 ms, found 3 plugins.
Preloading 0 native plugins for Editor in 0.00 ms.
Mono: successfully reloaded assembly
- Completed reload, in  6.135 seconds
Platform modules already initialized, skipping
Refreshing native plugins compatible for Editor in 1.25 ms, found 3 plugins.
Preloading 0 native plugins for Editor in 0.00 ms.
Unloading 2223 Unused Serialized files (Serialized files now loaded: 0)
System memory in use before: 114.0 MB.
System memory in use after: 114.0 MB.

Unloading 23 unused Assets to reduce memory usage. Loaded Objects now: 2994.
Total: 10.120600 ms (FindLiveObjects: 1.528600 ms CreateObjectMapping: 0.547900 ms MarkObjects: 7.754300 ms  DeleteObjects: 0.285600 ms)

