Using pre-set license
Built from '2020.3/staging' branch; Version is '2020.3.11f1 (99c7afb366b3) revision 10078127'; Using compiler version '192528614'; Build Type 'Release'
OS: 'Windows 10 Home Single Language; OS build 19041.985; Version 2004; 64bit' Language: 'pt' Physical Memory: 4005 MB
BatchMode: 1, IsHumanControllingUs: 0, StartBugReporterOnCrash: 0, Is64bit: 1, IsPro: 0

 COMMAND LINE ARGUMENTS:
C:\Program Files\Unity\Hub\Editor\2020.3.11f1\Editor\Unity.exe
-adb2
-batchMode
-noUpm
-name
AssetImportWorker5
-projectPath
C:/Users/Roberto/OneDrive/Documentos/Unity/Mad birds
-logFile
Logs/AssetImportWorker5.log
-srvPort
62422
Successfully changed project path to: C:/Users/Roberto/OneDrive/Documentos/Unity/Mad birds
C:/Users/Roberto/OneDrive/Documentos/Unity/Mad birds
Using Asset Import Pipeline V2.
Refreshing native plugins compatible for Editor in 167.57 ms, found 3 plugins.
Preloading 0 native plugins for Editor in 0.00 ms.
Initialize engine version: 2020.3.11f1 (99c7afb366b3)
[Subsystems] Discovering subsystems at path C:/Program Files/Unity/Hub/Editor/2020.3.11f1/Editor/Data/Resources/UnitySubsystems
[Subsystems] Discovering subsystems at path C:/Users/Roberto/OneDrive/Documentos/Unity/Mad birds/Assets
GfxDevice: creating device client; threaded=0
Direct3D:
    Version:  Direct3D 11.0 [level 11.1]
    Renderer: Intel(R) UHD Graphics 620 (ID=0x5917)
    Vendor:   
    VRAM:     2002 MB
    Driver:   27.20.100.8729
Initialize mono
Mono path[0] = 'C:/Program Files/Unity/Hub/Editor/2020.3.11f1/Editor/Data/Managed'
Mono path[1] = 'C:/Program Files/Unity/Hub/Editor/2020.3.11f1/Editor/Data/MonoBleedingEdge/lib/mono/unityjit'
Mono config path = 'C:/Program Files/Unity/Hub/Editor/2020.3.11f1/Editor/Data/MonoBleedingEdge/etc'
Using monoOptions --debugger-agent=transport=dt_socket,embedding=1,server=y,suspend=n,address=127.0.0.1:56532
Begin MonoManager ReloadAssembly
Registering precompiled unity dll's ...
Register platform support module: C:/Program Files/Unity/Hub/Editor/2020.3.11f1/Editor/Data/PlaybackEngines/WebGLSupport/UnityEditor.WebGL.Extensions.dll
Register platform support module: C:/Program Files/Unity/Hub/Editor/2020.3.11f1/Editor/Data/PlaybackEngines/WindowsStandaloneSupport/UnityEditor.WindowsStandalone.Extensions.dll
Registered in 0.003869 seconds.
Native extension for WindowsStandalone target not found
Native extension for WebGL target not found
Refreshing native plugins compatible for Editor in 119.77 ms, found 3 plugins.
Preloading 0 native plugins for Editor in 0.00 ms.
Mono: successfully reloaded assembly
- Completed reload, in  2.422 seconds
Platform modules already initialized, skipping
Registering precompiled user dll's ...
Registered in 0.008517 seconds.
Begin MonoManager ReloadAssembly
Native extension for WindowsStandalone target not found
Native extension for WebGL target not found
Refreshing native plugins compatible for Editor in 70.14 ms, found 3 plugins.
Preloading 0 native plugins for Editor in 0.00 ms.
Mono: successfully reloaded assembly
- Completed reload, in  3.834 seconds
Platform modules already initialized, skipping
========================================================================
Worker process is ready to serve import requests
Launched and connected shader compiler UnityShaderCompiler.exe after 0.64 seconds
Refreshing native plugins compatible for Editor in 1.46 ms, found 3 plugins.
Preloading 0 native plugins for Editor in 0.00 ms.
Unloading 2229 Unused Serialized files (Serialized files now loaded: 0)
System memory in use before: 109.8 MB.
System memory in use after: 109.8 MB.

Unloading 33 unused Assets to reduce memory usage. Loaded Objects now: 2679.
Total: 8.367900 ms (FindLiveObjects: 0.597500 ms CreateObjectMapping: 0.327800 ms MarkObjects: 7.003000 ms  DeleteObjects: 0.436200 ms)

========================================================================
Received Import Request.
  path: Assets/Monsters/cloud-1.png
  artifactKey: Guid(f1545c460caa98540925ce952d215311) Importer(815301076,1909f56bfc062723c751e8b465ee728b)
Start importing Assets/Monsters/cloud-1.png using Guid(f1545c460caa98540925ce952d215311) Importer(815301076,1909f56bfc062723c751e8b465ee728b)  -> (artifact id: '9879da4d7424162e4e57483206f0c82c') in 3.958506 seconds
  Import took 4.026621 seconds .

========================================================================
Received Import Request.
  Time since last request: 0.001073 seconds.
  path: Assets/Monsters/cloud-2.png
  artifactKey: Guid(41b45f3ad560c0e49bd9377e351621bb) Importer(815301076,1909f56bfc062723c751e8b465ee728b)
Start importing Assets/Monsters/cloud-2.png using Guid(41b45f3ad560c0e49bd9377e351621bb) Importer(815301076,1909f56bfc062723c751e8b465ee728b)  -> (artifact id: '1a7c5c9c3e02150c94c6059456bb6954') in 0.232347 seconds
  Import took 0.279039 seconds .

========================================================================
Received Prepare
Registering precompiled user dll's ...
Registered in 0.012060 seconds.
Begin MonoManager ReloadAssembly
Native extension for WindowsStandalone target not found
Native extension for WebGL target not found
Refreshing native plugins compatible for Editor in 0.80 ms, found 3 plugins.
Preloading 0 native plugins for Editor in 0.00 ms.
Mono: successfully reloaded assembly
- Completed reload, in  1.666 seconds
Platform modules already initialized, skipping
Refreshing native plugins compatible for Editor in 0.68 ms, found 3 plugins.
Preloading 0 native plugins for Editor in 0.00 ms.
Unloading 2222 Unused Serialized files (Serialized files now loaded: 0)
System memory in use before: 112.7 MB.
System memory in use after: 112.7 MB.

Unloading 22 unused Assets to reduce memory usage. Loaded Objects now: 2691.
Total: 3.828500 ms (FindLiveObjects: 0.402300 ms CreateObjectMapping: 0.140900 ms MarkObjects: 3.126800 ms  DeleteObjects: 0.156800 ms)

========================================================================
Received Prepare
Registering precompiled user dll's ...
Registered in 0.008471 seconds.
Begin MonoManager ReloadAssembly
Native extension for WindowsStandalone target not found
Native extension for WebGL target not found
Refreshing native plugins compatible for Editor in 0.71 ms, found 3 plugins.
Preloading 0 native plugins for Editor in 0.00 ms.
Mono: successfully reloaded assembly
- Completed reload, in  1.661 seconds
Platform modules already initialized, skipping
Refreshing native plugins compatible for Editor in 1.00 ms, found 3 plugins.
Preloading 0 native plugins for Editor in 0.00 ms.
Unloading 2222 Unused Serialized files (Serialized files now loaded: 0)
System memory in use before: 112.8 MB.
System memory in use after: 112.8 MB.

Unloading 22 unused Assets to reduce memory usage. Loaded Objects now: 2695.
Total: 4.252400 ms (FindLiveObjects: 0.487300 ms CreateObjectMapping: 0.140600 ms MarkObjects: 3.425000 ms  DeleteObjects: 0.197200 ms)

========================================================================
Received Prepare
Registering precompiled user dll's ...
Registered in 0.009084 seconds.
Begin MonoManager ReloadAssembly
Native extension for WindowsStandalone target not found
Native extension for WebGL target not found
Refreshing native plugins compatible for Editor in 0.69 ms, found 3 plugins.
Preloading 0 native plugins for Editor in 0.00 ms.
Mono: successfully reloaded assembly
- Completed reload, in  1.681 seconds
Platform modules already initialized, skipping
Refreshing native plugins compatible for Editor in 0.72 ms, found 3 plugins.
Preloading 0 native plugins for Editor in 0.00 ms.
Unloading 2222 Unused Serialized files (Serialized files now loaded: 0)
System memory in use before: 112.8 MB.
System memory in use after: 112.8 MB.

Unloading 22 unused Assets to reduce memory usage. Loaded Objects now: 2699.
Total: 4.032200 ms (FindLiveObjects: 0.377500 ms CreateObjectMapping: 0.135300 ms MarkObjects: 3.352300 ms  DeleteObjects: 0.165500 ms)

========================================================================
Received Prepare
Registering precompiled user dll's ...
Registered in 0.009397 seconds.
Begin MonoManager ReloadAssembly
Native extension for WindowsStandalone target not found
Native extension for WebGL target not found
Refreshing native plugins compatible for Editor in 0.73 ms, found 3 plugins.
Preloading 0 native plugins for Editor in 0.00 ms.
Mono: successfully reloaded assembly
- Completed reload, in  2.065 seconds
Platform modules already initialized, skipping
Refreshing native plugins compatible for Editor in 0.65 ms, found 3 plugins.
Preloading 0 native plugins for Editor in 0.00 ms.
Unloading 2222 Unused Serialized files (Serialized files now loaded: 0)
System memory in use before: 112.8 MB.
System memory in use after: 112.8 MB.

Unloading 22 unused Assets to reduce memory usage. Loaded Objects now: 2703.
Total: 3.887100 ms (FindLiveObjects: 0.339100 ms CreateObjectMapping: 0.141900 ms MarkObjects: 3.247200 ms  DeleteObjects: 0.157600 ms)

========================================================================
Received Import Request.
  Time since last request: 528.401850 seconds.
  path: Assets/Monsters/Puft.mat
  artifactKey: Guid(eec903ea930aa304ab4f36b88d929c2f) Importer(815301076,1909f56bfc062723c751e8b465ee728b)
Start importing Assets/Monsters/Puft.mat using Guid(eec903ea930aa304ab4f36b88d929c2f) Importer(815301076,1909f56bfc062723c751e8b465ee728b)  -> (artifact id: '00e1085d59a820379eec54e84ed3f1b4') in 8.827103 seconds
  Import took 8.844736 seconds .

========================================================================
Received Import Request.
  Time since last request: 3560.195312 seconds.
  path: Assets/Monsters/PuftParti.prefab
  artifactKey: Guid(4b6e7431c0eb15241a40fdc7a5d5c712) Importer(815301076,1909f56bfc062723c751e8b465ee728b)
Start importing Assets/Monsters/PuftParti.prefab using Guid(4b6e7431c0eb15241a40fdc7a5d5c712) Importer(815301076,1909f56bfc062723c751e8b465ee728b)  -> (artifact id: '855446003a47360101c4c73fbed60257') in 7.872247 seconds
  Import took 11.796271 seconds .

========================================================================
Received Prepare
Registering precompiled user dll's ...
Registered in 0.271186 seconds.
Begin MonoManager ReloadAssembly
Native extension for WindowsStandalone target not found
Native extension for WebGL target not found
Refreshing native plugins compatible for Editor in 60.58 ms, found 3 plugins.
Preloading 0 native plugins for Editor in 0.00 ms.
Mono: successfully reloaded assembly
- Completed reload, in 84.323 seconds
Platform modules already initialized, skipping
Refreshing native plugins compatible for Editor in 1.63 ms, found 3 plugins.
Preloading 0 native plugins for Editor in 0.00 ms.
Unloading 2222 Unused Serialized files (Serialized files now loaded: 0)
System memory in use before: 113.2 MB.
System memory in use after: 113.2 MB.

Unloading 22 unused Assets to reduce memory usage. Loaded Objects now: 2745.
Total: 118.163300 ms (FindLiveObjects: 0.871700 ms CreateObjectMapping: 0.407200 ms MarkObjects: 116.167600 ms  DeleteObjects: 0.708900 ms)

========================================================================
Received Prepare
Registering precompiled user dll's ...
Registered in 0.139616 seconds.
Begin MonoManager ReloadAssembly
Native extension for WindowsStandalone target not found
Native extension for WebGL target not found
Refreshing native plugins compatible for Editor in 0.63 ms, found 3 plugins.
Preloading 0 native plugins for Editor in 0.00 ms.
Mono: successfully reloaded assembly
- Completed reload, in  2.801 seconds
Platform modules already initialized, skipping
Refreshing native plugins compatible for Editor in 0.72 ms, found 3 plugins.
Preloading 0 native plugins for Editor in 0.00 ms.
Unloading 2222 Unused Serialized files (Serialized files now loaded: 0)
System memory in use before: 113.3 MB.
System memory in use after: 113.4 MB.

Unloading 22 unused Assets to reduce memory usage. Loaded Objects now: 2749.
Total: 7.616300 ms (FindLiveObjects: 0.646400 ms CreateObjectMapping: 0.341900 ms MarkObjects: 6.303400 ms  DeleteObjects: 0.321800 ms)

========================================================================
Received Prepare
Registering precompiled user dll's ...
Registered in 0.008376 seconds.
Begin MonoManager ReloadAssembly
Native extension for WindowsStandalone target not found
Native extension for WebGL target not found
Refreshing native plugins compatible for Editor in 0.96 ms, found 3 plugins.
Preloading 0 native plugins for Editor in 0.00 ms.
Mono: successfully reloaded assembly
- Completed reload, in  2.379 seconds
Platform modules already initialized, skipping
Refreshing native plugins compatible for Editor in 0.85 ms, found 3 plugins.
Preloading 0 native plugins for Editor in 0.00 ms.
Unloading 2222 Unused Serialized files (Serialized files now loaded: 0)
System memory in use before: 113.3 MB.
System memory in use after: 113.4 MB.

Unloading 22 unused Assets to reduce memory usage. Loaded Objects now: 2753.
Total: 5.377400 ms (FindLiveObjects: 0.425800 ms CreateObjectMapping: 0.212300 ms MarkObjects: 4.534800 ms  DeleteObjects: 0.202500 ms)

========================================================================
Received Prepare
Registering precompiled user dll's ...
Registered in 0.014400 seconds.
Begin MonoManager ReloadAssembly
Native extension for WindowsStandalone target not found
Native extension for WebGL target not found
Refreshing native plugins compatible for Editor in 0.89 ms, found 3 plugins.
Preloading 0 native plugins for Editor in 0.00 ms.
Mono: successfully reloaded assembly
- Completed reload, in  2.544 seconds
Platform modules already initialized, skipping
Refreshing native plugins compatible for Editor in 0.95 ms, found 3 plugins.
Preloading 0 native plugins for Editor in 0.00 ms.
Unloading 2222 Unused Serialized files (Serialized files now loaded: 0)
System memory in use before: 113.3 MB.
System memory in use after: 113.4 MB.

Unloading 22 unused Assets to reduce memory usage. Loaded Objects now: 2757.
Total: 5.387800 ms (FindLiveObjects: 0.465100 ms CreateObjectMapping: 0.214800 ms MarkObjects: 4.490100 ms  DeleteObjects: 0.215600 ms)

========================================================================
Received Prepare
Registering precompiled user dll's ...
Registered in 0.012003 seconds.
Begin MonoManager ReloadAssembly
Native extension for WindowsStandalone target not found
Native extension for WebGL target not found
Refreshing native plugins compatible for Editor in 0.93 ms, found 3 plugins.
Preloading 0 native plugins for Editor in 0.00 ms.
Mono: successfully reloaded assembly
- Completed reload, in  2.458 seconds
Platform modules already initialized, skipping
Refreshing native plugins compatible for Editor in 0.91 ms, found 3 plugins.
Preloading 0 native plugins for Editor in 0.00 ms.
Unloading 2222 Unused Serialized files (Serialized files now loaded: 0)
System memory in use before: 113.3 MB.
System memory in use after: 113.4 MB.

Unloading 22 unused Assets to reduce memory usage. Loaded Objects now: 2761.
Total: 5.584100 ms (FindLiveObjects: 0.472700 ms CreateObjectMapping: 0.263000 ms MarkObjects: 4.620800 ms  DeleteObjects: 0.225700 ms)

========================================================================
Received Prepare
Registering precompiled user dll's ...
Registered in 0.012213 seconds.
Begin MonoManager ReloadAssembly
Native extension for WindowsStandalone target not found
Native extension for WebGL target not found
Refreshing native plugins compatible for Editor in 0.93 ms, found 3 plugins.
Preloading 0 native plugins for Editor in 0.00 ms.
Mono: successfully reloaded assembly
- Completed reload, in  2.379 seconds
Platform modules already initialized, skipping
Refreshing native plugins compatible for Editor in 0.83 ms, found 3 plugins.
Preloading 0 native plugins for Editor in 0.00 ms.
Unloading 2222 Unused Serialized files (Serialized files now loaded: 0)
System memory in use before: 113.1 MB.
System memory in use after: 113.2 MB.

Unloading 22 unused Assets to reduce memory usage. Loaded Objects now: 2765.
Total: 5.408300 ms (FindLiveObjects: 0.480800 ms CreateObjectMapping: 0.229600 ms MarkObjects: 4.411400 ms  DeleteObjects: 0.284600 ms)

========================================================================
Received Prepare
Registering precompiled user dll's ...
Registered in 0.008522 seconds.
Begin MonoManager ReloadAssembly
Native extension for WindowsStandalone target not found
Native extension for WebGL target not found
Refreshing native plugins compatible for Editor in 0.69 ms, found 3 plugins.
Preloading 0 native plugins for Editor in 0.00 ms.
Mono: successfully reloaded assembly
- Completed reload, in  1.896 seconds
Platform modules already initialized, skipping
Refreshing native plugins compatible for Editor in 0.87 ms, found 3 plugins.
Preloading 0 native plugins for Editor in 0.00 ms.
Unloading 2222 Unused Serialized files (Serialized files now loaded: 0)
System memory in use before: 113.3 MB.
System memory in use after: 113.4 MB.

Unloading 22 unused Assets to reduce memory usage. Loaded Objects now: 2769.
Total: 5.515400 ms (FindLiveObjects: 0.470600 ms CreateObjectMapping: 0.240600 ms MarkObjects: 4.560700 ms  DeleteObjects: 0.241300 ms)

========================================================================
Received Prepare
Registering precompiled user dll's ...
Registered in 0.009355 seconds.
Begin MonoManager ReloadAssembly
Native extension for WindowsStandalone target not found
Native extension for WebGL target not found
Refreshing native plugins compatible for Editor in 0.98 ms, found 3 plugins.
Preloading 0 native plugins for Editor in 0.00 ms.
Mono: successfully reloaded assembly
- Completed reload, in  3.561 seconds
Platform modules already initialized, skipping
Refreshing native plugins compatible for Editor in 0.70 ms, found 3 plugins.
Preloading 0 native plugins for Editor in 0.00 ms.
Unloading 2223 Unused Serialized files (Serialized files now loaded: 0)
System memory in use before: 113.4 MB.
System memory in use after: 113.4 MB.

Unloading 22 unused Assets to reduce memory usage. Loaded Objects now: 2774.
Total: 3.947300 ms (FindLiveObjects: 0.394600 ms CreateObjectMapping: 0.177900 ms MarkObjects: 3.202800 ms  DeleteObjects: 0.170400 ms)

========================================================================
Received Import Request.
  Time since last request: 1045.796258 seconds.
  path: Assets/LevelControler.cs
  artifactKey: Guid(8d11373790415b046b62778a7141edd3) Importer(815301076,1909f56bfc062723c751e8b465ee728b)
Start importing Assets/LevelControler.cs using Guid(8d11373790415b046b62778a7141edd3) Importer(815301076,1909f56bfc062723c751e8b465ee728b)  -> (artifact id: 'bb5ad6152ecbd1d419940023c1cebc70') in 1.371575 seconds
  Import took 1.585792 seconds .

========================================================================
Received Prepare
Registering precompiled user dll's ...
Registered in 0.082484 seconds.
Begin MonoManager ReloadAssembly
Native extension for WindowsStandalone target not found
Native extension for WebGL target not found
Refreshing native plugins compatible for Editor in 0.66 ms, found 3 plugins.
Preloading 0 native plugins for Editor in 0.00 ms.
Mono: successfully reloaded assembly
- Completed reload, in  3.065 seconds
Platform modules already initialized, skipping
Refreshing native plugins compatible for Editor in 1.36 ms, found 3 plugins.
Preloading 0 native plugins for Editor in 0.00 ms.
Unloading 2223 Unused Serialized files (Serialized files now loaded: 0)
System memory in use before: 113.4 MB.
System memory in use after: 113.4 MB.

Unloading 22 unused Assets to reduce memory usage. Loaded Objects now: 2778.
Total: 4.367400 ms (FindLiveObjects: 0.399400 ms CreateObjectMapping: 0.172100 ms MarkObjects: 3.631500 ms  DeleteObjects: 0.163000 ms)

========================================================================
Received Prepare
Registering precompiled user dll's ...
Registered in 0.386502 seconds.
Begin MonoManager ReloadAssembly
Native extension for WindowsStandalone target not found
Native extension for WebGL target not found
Refreshing native plugins compatible for Editor in 0.53 ms, found 3 plugins.
Preloading 0 native plugins for Editor in 0.00 ms.
Mono: successfully reloaded assembly
- Completed reload, in  2.121 seconds
Platform modules already initialized, skipping
Refreshing native plugins compatible for Editor in 1.62 ms, found 3 plugins.
Preloading 0 native plugins for Editor in 0.00 ms.
Unloading 2223 Unused Serialized files (Serialized files now loaded: 0)
System memory in use before: 113.4 MB.
System memory in use after: 113.5 MB.

Unloading 22 unused Assets to reduce memory usage. Loaded Objects now: 2782.
Total: 3.954600 ms (FindLiveObjects: 0.335400 ms CreateObjectMapping: 0.111000 ms MarkObjects: 3.367200 ms  DeleteObjects: 0.139300 ms)

========================================================================
Received Import Request.
  Time since last request: 384.274963 seconds.
  path: Assets/LevelControler.cs
  artifactKey: Guid(8d11373790415b046b62778a7141edd3) Importer(815301076,1909f56bfc062723c751e8b465ee728b)
Start importing Assets/LevelControler.cs using Guid(8d11373790415b046b62778a7141edd3) Importer(815301076,1909f56bfc062723c751e8b465ee728b)  -> (artifact id: '675b41ca314602ac36b174885b2c40c9') in 0.922545 seconds
  Import took 0.956941 seconds .

========================================================================
Received Prepare
Registering precompiled user dll's ...
Registered in 0.006627 seconds.
Begin MonoManager ReloadAssembly
Native extension for WindowsStandalone target not found
Native extension for WebGL target not found
Refreshing native plugins compatible for Editor in 0.61 ms, found 3 plugins.
Preloading 0 native plugins for Editor in 0.00 ms.
Mono: successfully reloaded assembly
- Completed reload, in  1.256 seconds
Platform modules already initialized, skipping
Refreshing native plugins compatible for Editor in 0.52 ms, found 3 plugins.
Preloading 0 native plugins for Editor in 0.00 ms.
Unloading 2223 Unused Serialized files (Serialized files now loaded: 0)
System memory in use before: 113.3 MB.
System memory in use after: 113.4 MB.

Unloading 22 unused Assets to reduce memory usage. Loaded Objects now: 2786.
Total: 2.938600 ms (FindLiveObjects: 0.285700 ms CreateObjectMapping: 0.111000 ms MarkObjects: 2.425800 ms  DeleteObjects: 0.115100 ms)

========================================================================
Received Prepare
Registering precompiled user dll's ...
Registered in 0.020243 seconds.
Begin MonoManager ReloadAssembly
Native extension for WindowsStandalone target not found
Native extension for WebGL target not found
Refreshing native plugins compatible for Editor in 0.81 ms, found 3 plugins.
Preloading 0 native plugins for Editor in 0.00 ms.
Mono: successfully reloaded assembly
- Completed reload, in  1.303 seconds
Platform modules already initialized, skipping
Refreshing native plugins compatible for Editor in 0.62 ms, found 3 plugins.
Preloading 0 native plugins for Editor in 0.00 ms.
Unloading 2223 Unused Serialized files (Serialized files now loaded: 0)
System memory in use before: 113.4 MB.
System memory in use after: 113.5 MB.

Unloading 22 unused Assets to reduce memory usage. Loaded Objects now: 2790.
Total: 3.257100 ms (FindLiveObjects: 0.335500 ms CreateObjectMapping: 0.113700 ms MarkObjects: 2.664400 ms  DeleteObjects: 0.142300 ms)

========================================================================
Received Prepare
Registering precompiled user dll's ...
Registered in 0.257845 seconds.
Begin MonoManager ReloadAssembly
Native extension for WindowsStandalone target not found
Native extension for WebGL target not found
Refreshing native plugins compatible for Editor in 0.59 ms, found 3 plugins.
Preloading 0 native plugins for Editor in 0.00 ms.
Mono: successfully reloaded assembly
- Completed reload, in  2.119 seconds
Platform modules already initialized, skipping
Refreshing native plugins compatible for Editor in 1.64 ms, found 3 plugins.
Preloading 0 native plugins for Editor in 0.00 ms.
Unloading 2223 Unused Serialized files (Serialized files now loaded: 0)
System memory in use before: 113.4 MB.
System memory in use after: 113.5 MB.

Unloading 22 unused Assets to reduce memory usage. Loaded Objects now: 2794.
Total: 3.180500 ms (FindLiveObjects: 0.347700 ms CreateObjectMapping: 0.114700 ms MarkObjects: 2.586400 ms  DeleteObjects: 0.130500 ms)

========================================================================
Received Prepare
Registering precompiled user dll's ...
Registered in 0.006045 seconds.
Begin MonoManager ReloadAssembly
Native extension for WindowsStandalone target not found
Native extension for WebGL target not found
Refreshing native plugins compatible for Editor in 0.56 ms, found 3 plugins.
Preloading 0 native plugins for Editor in 0.00 ms.
Mono: successfully reloaded assembly
- Completed reload, in  1.444 seconds
Platform modules already initialized, skipping
Refreshing native plugins compatible for Editor in 0.90 ms, found 3 plugins.
Preloading 0 native plugins for Editor in 0.00 ms.
Unloading 2223 Unused Serialized files (Serialized files now loaded: 0)
System memory in use before: 113.4 MB.
System memory in use after: 113.5 MB.

Unloading 22 unused Assets to reduce memory usage. Loaded Objects now: 2798.
Total: 2.963900 ms (FindLiveObjects: 0.295200 ms CreateObjectMapping: 0.127200 ms MarkObjects: 2.420400 ms  DeleteObjects: 0.119900 ms)

========================================================================
Received Import Request.
  Time since last request: 657.564025 seconds.
  path: Assets/Scenes/SampleScene.unity
  artifactKey: Guid(2cda990e2423bbf4892e6590ba056729) Importer(815301076,1909f56bfc062723c751e8b465ee728b)
Start importing Assets/Scenes/SampleScene.unity using Guid(2cda990e2423bbf4892e6590ba056729) Importer(815301076,1909f56bfc062723c751e8b465ee728b)  -> (artifact id: '9c3890f3b0050e65a11d75713981dc09') in 0.471441 seconds
  Import took 0.525978 seconds .

========================================================================
Received Prepare
Registering precompiled user dll's ...
Registered in 0.006867 seconds.
Begin MonoManager ReloadAssembly
Native extension for WindowsStandalone target not found
Native extension for WebGL target not found
Refreshing native plugins compatible for Editor in 0.59 ms, found 3 plugins.
Preloading 0 native plugins for Editor in 0.00 ms.
Mono: successfully reloaded assembly
- Completed reload, in  1.404 seconds
Platform modules already initialized, skipping
Refreshing native plugins compatible for Editor in 1.03 ms, found 3 plugins.
Preloading 0 native plugins for Editor in 0.00 ms.
Unloading 2223 Unused Serialized files (Serialized files now loaded: 0)
System memory in use before: 113.4 MB.
System memory in use after: 113.5 MB.

Unloading 22 unused Assets to reduce memory usage. Loaded Objects now: 2802.
Total: 2.755600 ms (FindLiveObjects: 0.296200 ms CreateObjectMapping: 0.119100 ms MarkObjects: 2.216700 ms  DeleteObjects: 0.122600 ms)

========================================================================
Received Import Request.
  Time since last request: 10.411944 seconds.
  path: Assets/Scenes
  artifactKey: Guid(c6771172fc626bf4aaf3b96e00af43a0) Importer(815301076,1909f56bfc062723c751e8b465ee728b)
Start importing Assets/Scenes using Guid(c6771172fc626bf4aaf3b96e00af43a0) Importer(815301076,1909f56bfc062723c751e8b465ee728b)  -> (artifact id: 'ef0b24365ff3c55804462c5b580c6f72') in 0.379067 seconds
  Import took 0.419333 seconds .

========================================================================
Received Import Request.
  Time since last request: 11.595289 seconds.
  path: Assets/Scenes/Level2.unity
  artifactKey: Guid(1bca2d2ff7a02544094c811732303dc9) Importer(815301076,1909f56bfc062723c751e8b465ee728b)
Start importing Assets/Scenes/Level2.unity using Guid(1bca2d2ff7a02544094c811732303dc9) Importer(815301076,1909f56bfc062723c751e8b465ee728b)  -> (artifact id: 'c6e249af9f4eedbf608bf2f624e5c081') in 0.072943 seconds
  Import took 0.098672 seconds .

========================================================================
Received Import Request.
  Time since last request: 15.197029 seconds.
  path: Assets/Scenes/Level1.unity
  artifactKey: Guid(104e02ecd37d7244a99d63386bbecc7d) Importer(815301076,1909f56bfc062723c751e8b465ee728b)
Start importing Assets/Scenes/Level1.unity using Guid(104e02ecd37d7244a99d63386bbecc7d) Importer(815301076,1909f56bfc062723c751e8b465ee728b)  -> (artifact id: 'b8532b82607b869e7c63893cfd69dcd1') in 0.094561 seconds
  Import took 0.136317 seconds .

========================================================================
Received Import Request.
  Time since last request: 199.995449 seconds.
  path: Assets/Scenes/Level3.unity
  artifactKey: Guid(21301e0e7ecbfc84c8203cde6c962164) Importer(815301076,1909f56bfc062723c751e8b465ee728b)
Start importing Assets/Scenes/Level3.unity using Guid(21301e0e7ecbfc84c8203cde6c962164) Importer(815301076,1909f56bfc062723c751e8b465ee728b)  -> (artifact id: '6b1df36717fc8dee2b360f47984483df') in 0.072298 seconds
  Import took 0.119772 seconds .

========================================================================
Received Import Request.
  Time since last request: 76.026023 seconds.
  path: Assets/Scenes/Level4.unity
  artifactKey: Guid(a310bd65cd6653646abb46350ec60310) Importer(815301076,1909f56bfc062723c751e8b465ee728b)
Start importing Assets/Scenes/Level4.unity using Guid(a310bd65cd6653646abb46350ec60310) Importer(815301076,1909f56bfc062723c751e8b465ee728b)  -> (artifact id: '0dd65ef213a146afbe760c0a4c4df3c4') in 0.048247 seconds
  Import took 0.083636 seconds .

========================================================================
Received Import Request.
  Time since last request: 11.539419 seconds.
  path: Assets/Scenes/Level1.unity
  artifactKey: Guid(104e02ecd37d7244a99d63386bbecc7d) Importer(815301076,1909f56bfc062723c751e8b465ee728b)
Start importing Assets/Scenes/Level1.unity using Guid(104e02ecd37d7244a99d63386bbecc7d) Importer(815301076,1909f56bfc062723c751e8b465ee728b)  -> (artifact id: 'fbc712194c2ad2c25ba022b6993dbc0b') in 0.026814 seconds
  Import took 0.086747 seconds .

========================================================================
Received Import Request.
  Time since last request: 103.513404 seconds.
  path: Assets/Scenes/Level2.unity
  artifactKey: Guid(1bca2d2ff7a02544094c811732303dc9) Importer(815301076,1909f56bfc062723c751e8b465ee728b)
Start importing Assets/Scenes/Level2.unity using Guid(1bca2d2ff7a02544094c811732303dc9) Importer(815301076,1909f56bfc062723c751e8b465ee728b)  -> (artifact id: 'c2b2d940b2424d318400f9e25b45e857') in 0.029659 seconds
  Import took 0.181537 seconds .

========================================================================
Received Import Request.
  Time since last request: 3.123660 seconds.
  path: Assets/Scenes/Level3.unity
  artifactKey: Guid(21301e0e7ecbfc84c8203cde6c962164) Importer(815301076,1909f56bfc062723c751e8b465ee728b)
Start importing Assets/Scenes/Level3.unity using Guid(21301e0e7ecbfc84c8203cde6c962164) Importer(815301076,1909f56bfc062723c751e8b465ee728b)  -> (artifact id: 'e42893dd3cb087f04619b797486fc203') in 0.040885 seconds
  Import took 0.134800 seconds .

========================================================================
Received Import Request.
  Time since last request: 5.632293 seconds.
  path: Assets/Scenes/Level4.unity
  artifactKey: Guid(a310bd65cd6653646abb46350ec60310) Importer(815301076,1909f56bfc062723c751e8b465ee728b)
Start importing Assets/Scenes/Level4.unity using Guid(a310bd65cd6653646abb46350ec60310) Importer(815301076,1909f56bfc062723c751e8b465ee728b)  -> (artifact id: '2066d230f05952505acb355bc9866008') in 0.028478 seconds
  Import took 0.078931 seconds .

========================================================================
Received Prepare
Registering precompiled user dll's ...
Registered in 0.054620 seconds.
Begin MonoManager ReloadAssembly
Native extension for WindowsStandalone target not found
Native extension for WebGL target not found
Refreshing native plugins compatible for Editor in 0.64 ms, found 3 plugins.
Preloading 0 native plugins for Editor in 0.00 ms.
Mono: successfully reloaded assembly
- Completed reload, in  2.649 seconds
Platform modules already initialized, skipping
Refreshing native plugins compatible for Editor in 0.59 ms, found 3 plugins.
Preloading 0 native plugins for Editor in 0.00 ms.
Unloading 2223 Unused Serialized files (Serialized files now loaded: 0)
System memory in use before: 113.4 MB.
System memory in use after: 113.5 MB.

Unloading 22 unused Assets to reduce memory usage. Loaded Objects now: 2806.
Total: 3.097900 ms (FindLiveObjects: 0.332500 ms CreateObjectMapping: 0.139800 ms MarkObjects: 2.505300 ms  DeleteObjects: 0.119200 ms)

========================================================================
Received Prepare
Registering precompiled user dll's ...
Registered in 0.005681 seconds.
Begin MonoManager ReloadAssembly
Native extension for WindowsStandalone target not found
Native extension for WebGL target not found
Refreshing native plugins compatible for Editor in 0.57 ms, found 3 plugins.
Preloading 0 native plugins for Editor in 0.00 ms.
Mono: successfully reloaded assembly
- Completed reload, in  1.272 seconds
Platform modules already initialized, skipping
Refreshing native plugins compatible for Editor in 0.50 ms, found 3 plugins.
Preloading 0 native plugins for Editor in 0.00 ms.
Unloading 2223 Unused Serialized files (Serialized files now loaded: 0)
System memory in use before: 113.4 MB.
System memory in use after: 113.5 MB.

Unloading 22 unused Assets to reduce memory usage. Loaded Objects now: 2810.
Total: 3.959000 ms (FindLiveObjects: 0.310500 ms CreateObjectMapping: 0.119500 ms MarkObjects: 3.320100 ms  DeleteObjects: 0.206900 ms)

========================================================================
Received Prepare
Registering precompiled user dll's ...
Registered in 0.005645 seconds.
Begin MonoManager ReloadAssembly
Native extension for WindowsStandalone target not found
Native extension for WebGL target not found
Refreshing native plugins compatible for Editor in 0.56 ms, found 3 plugins.
Preloading 0 native plugins for Editor in 0.00 ms.
Mono: successfully reloaded assembly
- Completed reload, in  1.263 seconds
Platform modules already initialized, skipping
Refreshing native plugins compatible for Editor in 0.62 ms, found 3 plugins.
Preloading 0 native plugins for Editor in 0.00 ms.
Unloading 2223 Unused Serialized files (Serialized files now loaded: 0)
System memory in use before: 113.3 MB.
System memory in use after: 113.4 MB.

Unloading 22 unused Assets to reduce memory usage. Loaded Objects now: 2814.
Total: 4.960300 ms (FindLiveObjects: 0.335400 ms CreateObjectMapping: 0.116500 ms MarkObjects: 4.278500 ms  DeleteObjects: 0.227600 ms)

========================================================================
Received Import Request.
  Time since last request: 320.338855 seconds.
  path: Assets/Monsters/Puft.mat
  artifactKey: Guid(eec903ea930aa304ab4f36b88d929c2f) Importer(815301076,1909f56bfc062723c751e8b465ee728b)
Start importing Assets/Monsters/Puft.mat using Guid(eec903ea930aa304ab4f36b88d929c2f) Importer(815301076,1909f56bfc062723c751e8b465ee728b)  -> (artifact id: '4ae538aa5f1ce93d5461ffba902f9540') in 19.032647 seconds
  Import took 19.121567 seconds .

========================================================================
Received Prepare
Registering precompiled user dll's ...
Registered in 0.708721 seconds.
Begin MonoManager ReloadAssembly
Native extension for WindowsStandalone target not found
Native extension for WebGL target not found
Refreshing native plugins compatible for Editor in 0.84 ms, found 3 plugins.
Preloading 0 native plugins for Editor in 0.00 ms.
Mono: successfully reloaded assembly
- Completed reload, in 16.200 seconds
Platform modules already initialized, skipping
Refreshing native plugins compatible for Editor in 0.61 ms, found 3 plugins.
Preloading 0 native plugins for Editor in 0.00 ms.
Unloading 2223 Unused Serialized files (Serialized files now loaded: 0)
System memory in use before: 113.7 MB.
System memory in use after: 113.7 MB.

Unloading 22 unused Assets to reduce memory usage. Loaded Objects now: 2820.
Total: 3.474700 ms (FindLiveObjects: 0.358400 ms CreateObjectMapping: 0.118300 ms MarkObjects: 2.868400 ms  DeleteObjects: 0.128400 ms)

AssetImportWorkerClient::OnTransportError - code=2 error=End of file
